[Sat Sep 02 00:46:43.742578 2023] [mpm_winnt:notice] [pid 9476:tid 380] AH00455: Apache/2.4.57 (Win64) PHP/8.2.10 configured -- resuming normal operations
[Sat Sep 02 00:46:43.742578 2023] [mpm_winnt:notice] [pid 9476:tid 380] AH00456: Apache Lounge VS17 Server built: Aug  2 2023 17:28:16
[Sat Sep 02 00:46:43.742578 2023] [core:notice] [pid 9476:tid 380] AH00094: Command line: 'C:\\Apache24\\bin\\httpd.exe -d C:/Apache24'
[Sat Sep 02 00:46:43.746718 2023] [mpm_winnt:notice] [pid 9476:tid 380] AH00418: Parent: Created child process 3328
[Sat Sep 02 00:46:44.116602 2023] [mpm_winnt:notice] [pid 3328:tid 392] AH00354: Child: Starting 64 worker threads.
[Sat Sep 02 23:50:02.709566 2023] [php:error] [pid 3328:tid 1124] [client ::1:54789] script 'C:/Users/marin/OneDrive/Documents/Web/helo.php' not found or unable to stat
[Sat Sep 02 23:50:09.661484 2023] [php:error] [pid 3328:tid 1116] [client ::1:54790] script 'C:/Users/marin/OneDrive/Documents/Web/helo.php' not found or unable to stat
[Sun Sep 03 00:26:07.156691 2023] [mpm_winnt:notice] [pid 9476:tid 380] AH00424: Parent: Received restart signal -- Restarting the server.
[Sun Sep 03 00:26:07.815116 2023] [mpm_winnt:notice] [pid 9476:tid 380] AH00455: Apache/2.4.57 (Win64) PHP/8.2.10 configured -- resuming normal operations
[Sun Sep 03 00:26:07.815116 2023] [mpm_winnt:notice] [pid 9476:tid 380] AH00456: Apache Lounge VS17 Server built: Aug  2 2023 17:28:16
[Sun Sep 03 00:26:07.815116 2023] [core:notice] [pid 9476:tid 380] AH00094: Command line: 'C:\\Apache24\\bin\\httpd.exe -d C:/Apache24'
[Sun Sep 03 00:26:07.817112 2023] [mpm_winnt:notice] [pid 9476:tid 380] AH00418: Parent: Created child process 8180
[Sun Sep 03 00:26:08.226927 2023] [mpm_winnt:notice] [pid 8180:tid 424] AH00354: Child: Starting 64 worker threads.
[Sun Sep 03 00:26:19.769583 2023] [mpm_winnt:notice] [pid 9476:tid 380] AH00422: Parent: Received shutdown signal -- Shutting down the server.
[Sun Sep 03 00:26:22.344988 2023] [mpm_winnt:notice] [pid 8180:tid 424] AH00363: Child: Terminating 63 threads that failed to exit.
[Sun Sep 03 00:26:22.344988 2023] [mpm_winnt:notice] [pid 8180:tid 424] AH00364: Child: All worker threads have exited.
[Sun Sep 03 00:26:22.388985 2023] [mpm_winnt:notice] [pid 9476:tid 380] AH00430: Parent: Child process 8180 exited successfully.
[Sun Sep 03 00:26:24.922402 2023] [mpm_winnt:notice] [pid 3328:tid 392] AH00364: Child: All worker threads have exited.
[Sun Sep 03 00:26:31.025130 2023] [mpm_winnt:notice] [pid 15568:tid 384] AH00455: Apache/2.4.57 (Win64) PHP/8.2.10 configured -- resuming normal operations
[Sun Sep 03 00:26:31.025130 2023] [mpm_winnt:notice] [pid 15568:tid 384] AH00456: Apache Lounge VS17 Server built: Aug  2 2023 17:28:16
[Sun Sep 03 00:26:31.025130 2023] [core:notice] [pid 15568:tid 384] AH00094: Command line: 'C:\\Apache24\\bin\\httpd.exe -d C:/Apache24'
[Sun Sep 03 00:26:31.029119 2023] [mpm_winnt:notice] [pid 15568:tid 384] AH00418: Parent: Created child process 15668
[Sun Sep 03 00:26:31.391610 2023] [mpm_winnt:notice] [pid 15668:tid 416] AH00354: Child: Starting 64 worker threads.
[Sun Sep 03 11:28:13.392118 2023] [mpm_winnt:notice] [pid 15568:tid 384] AH00422: Parent: Received shutdown signal -- Shutting down the server.
[Sun Sep 03 11:28:43.394628 2023] [mpm_winnt:notice] [pid 15568:tid 384] AH00431: Parent: Forcing termination of child process 15668
[Sun Sep 03 11:28:44.022942 2023] [mpm_winnt:notice] [pid 5908:tid 376] AH00455: Apache/2.4.57 (Win64) PHP/8.2.10 configured -- resuming normal operations
[Sun Sep 03 11:28:44.022942 2023] [mpm_winnt:notice] [pid 5908:tid 376] AH00456: Apache Lounge VS17 Server built: Aug  2 2023 17:28:16
[Sun Sep 03 11:28:44.022942 2023] [core:notice] [pid 5908:tid 376] AH00094: Command line: 'C:\\Apache24\\bin\\httpd.exe -d C:/Apache24'
[Sun Sep 03 11:28:44.026931 2023] [mpm_winnt:notice] [pid 5908:tid 376] AH00418: Parent: Created child process 13604
[Sun Sep 03 11:28:44.386245 2023] [mpm_winnt:notice] [pid 13604:tid 392] AH00354: Child: Starting 64 worker threads.
[Sun Sep 03 15:30:11.512947 2023] [php:error] [pid 13604:tid 1108] [client ::1:58592] script 'C:/Users/marin/OneDrive/Documents/Web/public_html/display.php' not found or unable to stat, referer: http://localhost/
[Sun Sep 03 15:30:52.800181 2023] [php:error] [pid 13604:tid 1108] [client ::1:58601] script 'C:/Users/marin/OneDrive/Documents/Web/public_html/display.php' not found or unable to stat, referer: http://localhost/
[Sun Sep 03 15:31:17.054173 2023] [mpm_winnt:notice] [pid 5908:tid 376] AH00422: Parent: Received shutdown signal -- Shutting down the server.
[Sun Sep 03 15:31:47.062367 2023] [mpm_winnt:notice] [pid 5908:tid 376] AH00431: Parent: Forcing termination of child process 13604
[Sun Sep 03 15:31:47.607100 2023] [mpm_winnt:notice] [pid 7000:tid 416] AH00455: Apache/2.4.57 (Win64) PHP/8.2.10 configured -- resuming normal operations
[Sun Sep 03 15:31:47.607100 2023] [mpm_winnt:notice] [pid 7000:tid 416] AH00456: Apache Lounge VS17 Server built: Aug  2 2023 17:28:16
[Sun Sep 03 15:31:47.607100 2023] [core:notice] [pid 7000:tid 416] AH00094: Command line: 'C:\\Apache24\\bin\\httpd.exe -d C:/Apache24'
[Sun Sep 03 15:31:47.611090 2023] [mpm_winnt:notice] [pid 7000:tid 416] AH00418: Parent: Created child process 14452
[Sun Sep 03 15:31:47.984104 2023] [mpm_winnt:notice] [pid 14452:tid 396] AH00354: Child: Starting 64 worker threads.
[Sun Sep 03 15:35:51.448348 2023] [mpm_winnt:notice] [pid 7000:tid 416] AH00422: Parent: Received shutdown signal -- Shutting down the server.
[Sun Sep 03 15:36:21.457138 2023] [mpm_winnt:notice] [pid 7000:tid 416] AH00431: Parent: Forcing termination of child process 14452
[Sun Sep 03 15:36:22.110245 2023] [mpm_winnt:notice] [pid 10096:tid 376] AH00455: Apache/2.4.57 (Win64) PHP/8.2.10 configured -- resuming normal operations
[Sun Sep 03 15:36:22.110245 2023] [mpm_winnt:notice] [pid 10096:tid 376] AH00456: Apache Lounge VS17 Server built: Aug  2 2023 17:28:16
[Sun Sep 03 15:36:22.110245 2023] [core:notice] [pid 10096:tid 376] AH00094: Command line: 'C:\\Apache24\\bin\\httpd.exe -d C:/Apache24'
[Sun Sep 03 15:36:22.114430 2023] [mpm_winnt:notice] [pid 10096:tid 376] AH00418: Parent: Created child process 11636
[Sun Sep 03 15:36:22.488187 2023] [mpm_winnt:notice] [pid 11636:tid 392] AH00354: Child: Starting 64 worker threads.
[Sun Sep 03 17:32:04.546018 2023] [mpm_winnt:notice] [pid 10096:tid 376] AH00422: Parent: Received shutdown signal -- Shutting down the server.
[Sun Sep 03 17:32:34.563343 2023] [mpm_winnt:notice] [pid 10096:tid 376] AH00431: Parent: Forcing termination of child process 11636
[Sun Sep 03 17:32:35.750970 2023] [mpm_winnt:notice] [pid 1740:tid 412] AH00455: Apache/2.4.57 (Win64) PHP/8.2.10 configured -- resuming normal operations
[Sun Sep 03 17:32:35.750970 2023] [mpm_winnt:notice] [pid 1740:tid 412] AH00456: Apache Lounge VS17 Server built: Aug  2 2023 17:28:16
[Sun Sep 03 17:32:35.750970 2023] [core:notice] [pid 1740:tid 412] AH00094: Command line: 'C:\\Apache24\\bin\\httpd.exe -d C:/Apache24'
[Sun Sep 03 17:32:35.754468 2023] [mpm_winnt:notice] [pid 1740:tid 412] AH00418: Parent: Created child process 6244
[Sun Sep 03 17:32:36.113680 2023] [mpm_winnt:notice] [pid 6244:tid 392] AH00354: Child: Starting 64 worker threads.
[Sun Sep 03 18:05:38.698579 2023] [php:error] [pid 6244:tid 1092] [client ::1:64727] script 'C:/Users/marin/OneDrive/Documents/Web/public_html/display.php' not found or unable to stat, referer: http://localhost/
[Sun Sep 03 18:06:24.113319 2023] [php:error] [pid 6244:tid 1092] [client ::1:64764] script 'C:/Users/marin/OneDrive/Documents/Web/public_html/display.php' not found or unable to stat, referer: http://localhost/
[Sun Sep 03 18:12:46.557996 2023] [php:error] [pid 6244:tid 1096] [client ::1:65010] script 'C:/Users/marin/OneDrive/Documents/Web/public_html/display.php' not found or unable to stat, referer: http://localhost/
[Sun Sep 03 20:02:26.819531 2023] [php:error] [pid 6244:tid 1104] [client ::1:51756] script 'C:/Users/marin/OneDrive/Documents/Web/public_html/display.php' not found or unable to stat, referer: http://localhost/
[Sun Sep 03 20:02:39.337989 2023] [php:error] [pid 6244:tid 1096] [client ::1:51757] script 'C:/Users/marin/OneDrive/Documents/Web/public_html/display.php' not found or unable to stat, referer: http://localhost/
[Sun Sep 03 20:02:41.715944 2023] [php:error] [pid 6244:tid 1096] [client ::1:51757] script 'C:/Users/marin/OneDrive/Documents/Web/public_html/display.php' not found or unable to stat, referer: http://localhost/
[Sun Sep 03 20:02:51.686846 2023] [php:warn] [pid 6244:tid 1104] [client ::1:51766] PHP Warning:  Undefined array key "firstname" in C:\\Users\\marin\\OneDrive\\Documents\\Web\\public_html\\shot.php on line 2, referer: http://localhost/
[Sun Sep 03 20:02:51.686846 2023] [php:warn] [pid 6244:tid 1104] [client ::1:51766] PHP Warning:  Undefined array key "lastname" in C:\\Users\\marin\\OneDrive\\Documents\\Web\\public_html\\shot.php on line 3, referer: http://localhost/
[Sun Sep 03 20:02:51.687843 2023] [php:warn] [pid 6244:tid 1104] [client ::1:51766] PHP Warning:  Undefined array key "xCoord" in C:\\Users\\marin\\OneDrive\\Documents\\Web\\public_html\\shot.php on line 11, referer: http://localhost/
[Sun Sep 03 20:02:51.689837 2023] [php:notice] [pid 6244:tid 1104] [client ::1:51766] PHP Deprecated:  trim(): Passing null to parameter #1 ($string) of type string is deprecated in C:\\Users\\marin\\OneDrive\\Documents\\Web\\public_html\\shot.php on line 11, referer: http://localhost/
[Sun Sep 03 20:02:51.689837 2023] [php:warn] [pid 6244:tid 1104] [client ::1:51766] PHP Warning:  Undefined array key "radius" in C:\\Users\\marin\\OneDrive\\Documents\\Web\\public_html\\shot.php on line 13, referer: http://localhost/
[Sun Sep 03 20:02:51.689837 2023] [php:warn] [pid 6244:tid 1104] [client ::1:51766] PHP Warning:  Undefined array key "name" in C:\\Users\\marin\\OneDrive\\Documents\\Web\\public_html\\shot.php on line 14, referer: http://localhost/
[Sun Sep 03 20:02:51.689837 2023] [php:notice] [pid 6244:tid 1104] [client ::1:51766] PHP Deprecated:  trim(): Passing null to parameter #1 ($string) of type string is deprecated in C:\\Users\\marin\\OneDrive\\Documents\\Web\\public_html\\shot.php on line 14, referer: http://localhost/
[Sun Sep 03 20:02:51.690835 2023] [php:warn] [pid 6244:tid 1104] [client ::1:51766] PHP Warning:  Undefined array key "email" in C:\\Users\\marin\\OneDrive\\Documents\\Web\\public_html\\shot.php on line 15, referer: http://localhost/
[Sun Sep 03 20:02:51.690835 2023] [php:notice] [pid 6244:tid 1104] [client ::1:51766] PHP Deprecated:  trim(): Passing null to parameter #1 ($string) of type string is deprecated in C:\\Users\\marin\\OneDrive\\Documents\\Web\\public_html\\shot.php on line 15, referer: http://localhost/
[Sun Sep 03 20:02:51.690835 2023] [php:warn] [pid 6244:tid 1104] [client ::1:51766] PHP Warning:  Undefined array key "message" in C:\\Users\\marin\\OneDrive\\Documents\\Web\\public_html\\shot.php on line 16, referer: http://localhost/
[Sun Sep 03 20:02:51.690835 2023] [php:notice] [pid 6244:tid 1104] [client ::1:51766] PHP Deprecated:  trim(): Passing null to parameter #1 ($string) of type string is deprecated in C:\\Users\\marin\\OneDrive\\Documents\\Web\\public_html\\shot.php on line 16, referer: http://localhost/
[Sun Sep 03 20:03:42.582605 2023] [php:warn] [pid 6244:tid 1104] [client ::1:51802] PHP Warning:  Undefined array key "firstname" in C:\\Users\\marin\\OneDrive\\Documents\\Web\\public_html\\shot.php on line 2, referer: http://localhost/
[Sun Sep 03 20:03:42.582605 2023] [php:warn] [pid 6244:tid 1104] [client ::1:51802] PHP Warning:  Undefined array key "lastname" in C:\\Users\\marin\\OneDrive\\Documents\\Web\\public_html\\shot.php on line 3, referer: http://localhost/
[Sun Sep 03 20:03:42.582605 2023] [php:warn] [pid 6244:tid 1104] [client ::1:51802] PHP Warning:  Undefined array key "xCoord" in C:\\Users\\marin\\OneDrive\\Documents\\Web\\public_html\\shot.php on line 11, referer: http://localhost/
[Sun Sep 03 20:03:42.582605 2023] [php:notice] [pid 6244:tid 1104] [client ::1:51802] PHP Deprecated:  trim(): Passing null to parameter #1 ($string) of type string is deprecated in C:\\Users\\marin\\OneDrive\\Documents\\Web\\public_html\\shot.php on line 11, referer: http://localhost/
[Sun Sep 03 20:03:42.582605 2023] [php:warn] [pid 6244:tid 1104] [client ::1:51802] PHP Warning:  Undefined array key "radius" in C:\\Users\\marin\\OneDrive\\Documents\\Web\\public_html\\shot.php on line 13, referer: http://localhost/
[Sun Sep 03 20:03:42.582605 2023] [php:warn] [pid 6244:tid 1104] [client ::1:51802] PHP Warning:  Undefined array key "name" in C:\\Users\\marin\\OneDrive\\Documents\\Web\\public_html\\shot.php on line 14, referer: http://localhost/
[Sun Sep 03 20:03:42.582605 2023] [php:notice] [pid 6244:tid 1104] [client ::1:51802] PHP Deprecated:  trim(): Passing null to parameter #1 ($string) of type string is deprecated in C:\\Users\\marin\\OneDrive\\Documents\\Web\\public_html\\shot.php on line 14, referer: http://localhost/
[Sun Sep 03 20:03:42.582605 2023] [php:warn] [pid 6244:tid 1104] [client ::1:51802] PHP Warning:  Undefined array key "email" in C:\\Users\\marin\\OneDrive\\Documents\\Web\\public_html\\shot.php on line 15, referer: http://localhost/
[Sun Sep 03 20:03:42.582605 2023] [php:notice] [pid 6244:tid 1104] [client ::1:51802] PHP Deprecated:  trim(): Passing null to parameter #1 ($string) of type string is deprecated in C:\\Users\\marin\\OneDrive\\Documents\\Web\\public_html\\shot.php on line 15, referer: http://localhost/
[Sun Sep 03 20:03:42.582605 2023] [php:warn] [pid 6244:tid 1104] [client ::1:51802] PHP Warning:  Undefined array key "message" in C:\\Users\\marin\\OneDrive\\Documents\\Web\\public_html\\shot.php on line 16, referer: http://localhost/
[Sun Sep 03 20:03:42.582605 2023] [php:notice] [pid 6244:tid 1104] [client ::1:51802] PHP Deprecated:  trim(): Passing null to parameter #1 ($string) of type string is deprecated in C:\\Users\\marin\\OneDrive\\Documents\\Web\\public_html\\shot.php on line 16, referer: http://localhost/
[Sun Sep 03 20:03:45.045872 2023] [php:warn] [pid 6244:tid 1104] [client ::1:51804] PHP Warning:  Undefined array key "firstname" in C:\\Users\\marin\\OneDrive\\Documents\\Web\\public_html\\shot.php on line 2, referer: http://localhost/
[Sun Sep 03 20:03:45.045872 2023] [php:warn] [pid 6244:tid 1104] [client ::1:51804] PHP Warning:  Undefined array key "lastname" in C:\\Users\\marin\\OneDrive\\Documents\\Web\\public_html\\shot.php on line 3, referer: http://localhost/
[Sun Sep 03 20:03:45.045872 2023] [php:warn] [pid 6244:tid 1104] [client ::1:51804] PHP Warning:  Undefined array key "xCoord" in C:\\Users\\marin\\OneDrive\\Documents\\Web\\public_html\\shot.php on line 11, referer: http://localhost/
[Sun Sep 03 20:03:45.045872 2023] [php:notice] [pid 6244:tid 1104] [client ::1:51804] PHP Deprecated:  trim(): Passing null to parameter #1 ($string) of type string is deprecated in C:\\Users\\marin\\OneDrive\\Documents\\Web\\public_html\\shot.php on line 11, referer: http://localhost/
[Sun Sep 03 20:03:45.045872 2023] [php:warn] [pid 6244:tid 1104] [client ::1:51804] PHP Warning:  Undefined array key "radius" in C:\\Users\\marin\\OneDrive\\Documents\\Web\\public_html\\shot.php on line 13, referer: http://localhost/
[Sun Sep 03 20:03:45.045872 2023] [php:warn] [pid 6244:tid 1104] [client ::1:51804] PHP Warning:  Undefined array key "name" in C:\\Users\\marin\\OneDrive\\Documents\\Web\\public_html\\shot.php on line 14, referer: http://localhost/
[Sun Sep 03 20:03:45.045872 2023] [php:notice] [pid 6244:tid 1104] [client ::1:51804] PHP Deprecated:  trim(): Passing null to parameter #1 ($string) of type string is deprecated in C:\\Users\\marin\\OneDrive\\Documents\\Web\\public_html\\shot.php on line 14, referer: http://localhost/
[Sun Sep 03 20:03:45.045872 2023] [php:warn] [pid 6244:tid 1104] [client ::1:51804] PHP Warning:  Undefined array key "email" in C:\\Users\\marin\\OneDrive\\Documents\\Web\\public_html\\shot.php on line 15, referer: http://localhost/
[Sun Sep 03 20:03:45.045872 2023] [php:notice] [pid 6244:tid 1104] [client ::1:51804] PHP Deprecated:  trim(): Passing null to parameter #1 ($string) of type string is deprecated in C:\\Users\\marin\\OneDrive\\Documents\\Web\\public_html\\shot.php on line 15, referer: http://localhost/
[Sun Sep 03 20:03:45.045872 2023] [php:warn] [pid 6244:tid 1104] [client ::1:51804] PHP Warning:  Undefined array key "message" in C:\\Users\\marin\\OneDrive\\Documents\\Web\\public_html\\shot.php on line 16, referer: http://localhost/
[Sun Sep 03 20:03:45.045872 2023] [php:notice] [pid 6244:tid 1104] [client ::1:51804] PHP Deprecated:  trim(): Passing null to parameter #1 ($string) of type string is deprecated in C:\\Users\\marin\\OneDrive\\Documents\\Web\\public_html\\shot.php on line 16, referer: http://localhost/
[Sun Sep 03 20:03:48.813442 2023] [php:warn] [pid 6244:tid 1096] [client ::1:51809] PHP Warning:  Undefined array key "firstname" in C:\\Users\\marin\\OneDrive\\Documents\\Web\\public_html\\shot.php on line 2, referer: http://localhost/
[Sun Sep 03 20:03:48.813442 2023] [php:warn] [pid 6244:tid 1096] [client ::1:51809] PHP Warning:  Undefined array key "lastname" in C:\\Users\\marin\\OneDrive\\Documents\\Web\\public_html\\shot.php on line 3, referer: http://localhost/
[Sun Sep 03 20:03:48.813442 2023] [php:warn] [pid 6244:tid 1096] [client ::1:51809] PHP Warning:  Undefined array key "xCoord" in C:\\Users\\marin\\OneDrive\\Documents\\Web\\public_html\\shot.php on line 11, referer: http://localhost/
[Sun Sep 03 20:03:48.813442 2023] [php:notice] [pid 6244:tid 1096] [client ::1:51809] PHP Deprecated:  trim(): Passing null to parameter #1 ($string) of type string is deprecated in C:\\Users\\marin\\OneDrive\\Documents\\Web\\public_html\\shot.php on line 11, referer: http://localhost/
[Sun Sep 03 20:03:48.813442 2023] [php:warn] [pid 6244:tid 1096] [client ::1:51809] PHP Warning:  Undefined array key "radius" in C:\\Users\\marin\\OneDrive\\Documents\\Web\\public_html\\shot.php on line 13, referer: http://localhost/
[Sun Sep 03 20:03:48.813442 2023] [php:warn] [pid 6244:tid 1096] [client ::1:51809] PHP Warning:  Undefined array key "name" in C:\\Users\\marin\\OneDrive\\Documents\\Web\\public_html\\shot.php on line 14, referer: http://localhost/
[Sun Sep 03 20:03:48.813442 2023] [php:notice] [pid 6244:tid 1096] [client ::1:51809] PHP Deprecated:  trim(): Passing null to parameter #1 ($string) of type string is deprecated in C:\\Users\\marin\\OneDrive\\Documents\\Web\\public_html\\shot.php on line 14, referer: http://localhost/
[Sun Sep 03 20:03:48.813442 2023] [php:warn] [pid 6244:tid 1096] [client ::1:51809] PHP Warning:  Undefined array key "email" in C:\\Users\\marin\\OneDrive\\Documents\\Web\\public_html\\shot.php on line 15, referer: http://localhost/
[Sun Sep 03 20:03:48.813442 2023] [php:notice] [pid 6244:tid 1096] [client ::1:51809] PHP Deprecated:  trim(): Passing null to parameter #1 ($string) of type string is deprecated in C:\\Users\\marin\\OneDrive\\Documents\\Web\\public_html\\shot.php on line 15, referer: http://localhost/
[Sun Sep 03 20:03:48.813442 2023] [php:warn] [pid 6244:tid 1096] [client ::1:51809] PHP Warning:  Undefined array key "message" in C:\\Users\\marin\\OneDrive\\Documents\\Web\\public_html\\shot.php on line 16, referer: http://localhost/
[Sun Sep 03 20:03:48.813442 2023] [php:notice] [pid 6244:tid 1096] [client ::1:51809] PHP Deprecated:  trim(): Passing null to parameter #1 ($string) of type string is deprecated in C:\\Users\\marin\\OneDrive\\Documents\\Web\\public_html\\shot.php on line 16, referer: http://localhost/
[Sun Sep 03 20:03:50.652949 2023] [php:warn] [pid 6244:tid 1104] [client ::1:51810] PHP Warning:  Undefined array key "firstname" in C:\\Users\\marin\\OneDrive\\Documents\\Web\\public_html\\shot.php on line 2, referer: http://localhost/
[Sun Sep 03 20:03:50.652949 2023] [php:warn] [pid 6244:tid 1104] [client ::1:51810] PHP Warning:  Undefined array key "lastname" in C:\\Users\\marin\\OneDrive\\Documents\\Web\\public_html\\shot.php on line 3, referer: http://localhost/
[Sun Sep 03 20:03:50.652949 2023] [php:warn] [pid 6244:tid 1104] [client ::1:51810] PHP Warning:  Undefined array key "xCoord" in C:\\Users\\marin\\OneDrive\\Documents\\Web\\public_html\\shot.php on line 11, referer: http://localhost/
[Sun Sep 03 20:03:50.652949 2023] [php:notice] [pid 6244:tid 1104] [client ::1:51810] PHP Deprecated:  trim(): Passing null to parameter #1 ($string) of type string is deprecated in C:\\Users\\marin\\OneDrive\\Documents\\Web\\public_html\\shot.php on line 11, referer: http://localhost/
[Sun Sep 03 20:03:50.652949 2023] [php:warn] [pid 6244:tid 1104] [client ::1:51810] PHP Warning:  Undefined array key "radius" in C:\\Users\\marin\\OneDrive\\Documents\\Web\\public_html\\shot.php on line 13, referer: http://localhost/
[Sun Sep 03 20:03:50.652949 2023] [php:warn] [pid 6244:tid 1104] [client ::1:51810] PHP Warning:  Undefined array key "name" in C:\\Users\\marin\\OneDrive\\Documents\\Web\\public_html\\shot.php on line 14, referer: http://localhost/
[Sun Sep 03 20:03:50.653946 2023] [php:notice] [pid 6244:tid 1104] [client ::1:51810] PHP Deprecated:  trim(): Passing null to parameter #1 ($string) of type string is deprecated in C:\\Users\\marin\\OneDrive\\Documents\\Web\\public_html\\shot.php on line 14, referer: http://localhost/
[Sun Sep 03 20:03:50.653946 2023] [php:warn] [pid 6244:tid 1104] [client ::1:51810] PHP Warning:  Undefined array key "email" in C:\\Users\\marin\\OneDrive\\Documents\\Web\\public_html\\shot.php on line 15, referer: http://localhost/
[Sun Sep 03 20:03:50.653946 2023] [php:notice] [pid 6244:tid 1104] [client ::1:51810] PHP Deprecated:  trim(): Passing null to parameter #1 ($string) of type string is deprecated in C:\\Users\\marin\\OneDrive\\Documents\\Web\\public_html\\shot.php on line 15, referer: http://localhost/
[Sun Sep 03 20:03:50.653946 2023] [php:warn] [pid 6244:tid 1104] [client ::1:51810] PHP Warning:  Undefined array key "message" in C:\\Users\\marin\\OneDrive\\Documents\\Web\\public_html\\shot.php on line 16, referer: http://localhost/
[Sun Sep 03 20:03:50.653946 2023] [php:notice] [pid 6244:tid 1104] [client ::1:51810] PHP Deprecated:  trim(): Passing null to parameter #1 ($string) of type string is deprecated in C:\\Users\\marin\\OneDrive\\Documents\\Web\\public_html\\shot.php on line 16, referer: http://localhost/
[Sun Sep 03 20:04:10.252984 2023] [php:warn] [pid 6244:tid 1096] [client ::1:51811] PHP Warning:  Undefined array key "xCoord" in C:\\Users\\marin\\OneDrive\\Documents\\Web\\public_html\\shot.php on line 6, referer: http://localhost/
[Sun Sep 03 20:04:10.252984 2023] [php:notice] [pid 6244:tid 1096] [client ::1:51811] PHP Deprecated:  trim(): Passing null to parameter #1 ($string) of type string is deprecated in C:\\Users\\marin\\OneDrive\\Documents\\Web\\public_html\\shot.php on line 6, referer: http://localhost/
[Sun Sep 03 20:04:10.252984 2023] [php:warn] [pid 6244:tid 1096] [client ::1:51811] PHP Warning:  Undefined array key "radius" in C:\\Users\\marin\\OneDrive\\Documents\\Web\\public_html\\shot.php on line 8, referer: http://localhost/
[Sun Sep 03 20:04:10.252984 2023] [php:warn] [pid 6244:tid 1096] [client ::1:51811] PHP Warning:  Undefined array key "name" in C:\\Users\\marin\\OneDrive\\Documents\\Web\\public_html\\shot.php on line 9, referer: http://localhost/
[Sun Sep 03 20:04:10.252984 2023] [php:notice] [pid 6244:tid 1096] [client ::1:51811] PHP Deprecated:  trim(): Passing null to parameter #1 ($string) of type string is deprecated in C:\\Users\\marin\\OneDrive\\Documents\\Web\\public_html\\shot.php on line 9, referer: http://localhost/
[Sun Sep 03 20:04:10.252984 2023] [php:warn] [pid 6244:tid 1096] [client ::1:51811] PHP Warning:  Undefined array key "email" in C:\\Users\\marin\\OneDrive\\Documents\\Web\\public_html\\shot.php on line 10, referer: http://localhost/
[Sun Sep 03 20:04:10.252984 2023] [php:notice] [pid 6244:tid 1096] [client ::1:51811] PHP Deprecated:  trim(): Passing null to parameter #1 ($string) of type string is deprecated in C:\\Users\\marin\\OneDrive\\Documents\\Web\\public_html\\shot.php on line 10, referer: http://localhost/
[Sun Sep 03 20:04:10.252984 2023] [php:warn] [pid 6244:tid 1096] [client ::1:51811] PHP Warning:  Undefined array key "message" in C:\\Users\\marin\\OneDrive\\Documents\\Web\\public_html\\shot.php on line 11, referer: http://localhost/
[Sun Sep 03 20:04:10.252984 2023] [php:notice] [pid 6244:tid 1096] [client ::1:51811] PHP Deprecated:  trim(): Passing null to parameter #1 ($string) of type string is deprecated in C:\\Users\\marin\\OneDrive\\Documents\\Web\\public_html\\shot.php on line 11, referer: http://localhost/
[Sun Sep 03 20:04:17.768436 2023] [php:warn] [pid 6244:tid 1096] [client ::1:51832] PHP Warning:  Undefined array key "xCoord" in C:\\Users\\marin\\OneDrive\\Documents\\Web\\public_html\\shot.php on line 6, referer: http://localhost/
[Sun Sep 03 20:04:17.768436 2023] [php:notice] [pid 6244:tid 1096] [client ::1:51832] PHP Deprecated:  trim(): Passing null to parameter #1 ($string) of type string is deprecated in C:\\Users\\marin\\OneDrive\\Documents\\Web\\public_html\\shot.php on line 6, referer: http://localhost/
[Sun Sep 03 20:04:17.768436 2023] [php:warn] [pid 6244:tid 1096] [client ::1:51832] PHP Warning:  Undefined array key "radius" in C:\\Users\\marin\\OneDrive\\Documents\\Web\\public_html\\shot.php on line 8, referer: http://localhost/
[Sun Sep 03 20:04:17.768436 2023] [php:warn] [pid 6244:tid 1096] [client ::1:51832] PHP Warning:  Undefined array key "name" in C:\\Users\\marin\\OneDrive\\Documents\\Web\\public_html\\shot.php on line 9, referer: http://localhost/
[Sun Sep 03 20:04:17.768436 2023] [php:notice] [pid 6244:tid 1096] [client ::1:51832] PHP Deprecated:  trim(): Passing null to parameter #1 ($string) of type string is deprecated in C:\\Users\\marin\\OneDrive\\Documents\\Web\\public_html\\shot.php on line 9, referer: http://localhost/
[Sun Sep 03 20:04:17.768436 2023] [php:warn] [pid 6244:tid 1096] [client ::1:51832] PHP Warning:  Undefined array key "email" in C:\\Users\\marin\\OneDrive\\Documents\\Web\\public_html\\shot.php on line 10, referer: http://localhost/
[Sun Sep 03 20:04:17.768436 2023] [php:notice] [pid 6244:tid 1096] [client ::1:51832] PHP Deprecated:  trim(): Passing null to parameter #1 ($string) of type string is deprecated in C:\\Users\\marin\\OneDrive\\Documents\\Web\\public_html\\shot.php on line 10, referer: http://localhost/
[Sun Sep 03 20:04:17.768436 2023] [php:warn] [pid 6244:tid 1096] [client ::1:51832] PHP Warning:  Undefined array key "message" in C:\\Users\\marin\\OneDrive\\Documents\\Web\\public_html\\shot.php on line 11, referer: http://localhost/
[Sun Sep 03 20:04:17.768436 2023] [php:notice] [pid 6244:tid 1096] [client ::1:51832] PHP Deprecated:  trim(): Passing null to parameter #1 ($string) of type string is deprecated in C:\\Users\\marin\\OneDrive\\Documents\\Web\\public_html\\shot.php on line 11, referer: http://localhost/
[Sun Sep 03 20:05:56.840218 2023] [php:warn] [pid 6244:tid 1104] [client ::1:51909] PHP Warning:  Undefined array key "xCoord" in C:\\Users\\marin\\OneDrive\\Documents\\Web\\public_html\\shot.php on line 7, referer: http://localhost/
[Sun Sep 03 20:05:56.840218 2023] [php:notice] [pid 6244:tid 1104] [client ::1:51909] PHP Deprecated:  trim(): Passing null to parameter #1 ($string) of type string is deprecated in C:\\Users\\marin\\OneDrive\\Documents\\Web\\public_html\\shot.php on line 7, referer: http://localhost/
[Sun Sep 03 20:05:56.840218 2023] [php:warn] [pid 6244:tid 1104] [client ::1:51909] PHP Warning:  Undefined array key "radius" in C:\\Users\\marin\\OneDrive\\Documents\\Web\\public_html\\shot.php on line 9, referer: http://localhost/
[Sun Sep 03 20:05:56.841213 2023] [php:warn] [pid 6244:tid 1104] [client ::1:51909] PHP Warning:  Undefined array key "name" in C:\\Users\\marin\\OneDrive\\Documents\\Web\\public_html\\shot.php on line 10, referer: http://localhost/
[Sun Sep 03 20:05:56.841213 2023] [php:notice] [pid 6244:tid 1104] [client ::1:51909] PHP Deprecated:  trim(): Passing null to parameter #1 ($string) of type string is deprecated in C:\\Users\\marin\\OneDrive\\Documents\\Web\\public_html\\shot.php on line 10, referer: http://localhost/
[Sun Sep 03 20:05:56.841213 2023] [php:warn] [pid 6244:tid 1104] [client ::1:51909] PHP Warning:  Undefined array key "email" in C:\\Users\\marin\\OneDrive\\Documents\\Web\\public_html\\shot.php on line 11, referer: http://localhost/
[Sun Sep 03 20:05:56.841213 2023] [php:notice] [pid 6244:tid 1104] [client ::1:51909] PHP Deprecated:  trim(): Passing null to parameter #1 ($string) of type string is deprecated in C:\\Users\\marin\\OneDrive\\Documents\\Web\\public_html\\shot.php on line 11, referer: http://localhost/
[Sun Sep 03 20:05:56.841213 2023] [php:warn] [pid 6244:tid 1104] [client ::1:51909] PHP Warning:  Undefined array key "message" in C:\\Users\\marin\\OneDrive\\Documents\\Web\\public_html\\shot.php on line 12, referer: http://localhost/
[Sun Sep 03 20:05:56.841213 2023] [php:notice] [pid 6244:tid 1104] [client ::1:51909] PHP Deprecated:  trim(): Passing null to parameter #1 ($string) of type string is deprecated in C:\\Users\\marin\\OneDrive\\Documents\\Web\\public_html\\shot.php on line 12, referer: http://localhost/
[Sun Sep 03 20:09:16.484425 2023] [php:warn] [pid 6244:tid 1096] [client ::1:52025] PHP Warning:  Undefined array key "xCoord" in C:\\Users\\marin\\OneDrive\\Documents\\Web\\public_html\\shot.php on line 7, referer: http://localhost/
[Sun Sep 03 20:09:16.484425 2023] [php:notice] [pid 6244:tid 1096] [client ::1:52025] PHP Deprecated:  trim(): Passing null to parameter #1 ($string) of type string is deprecated in C:\\Users\\marin\\OneDrive\\Documents\\Web\\public_html\\shot.php on line 7, referer: http://localhost/
[Sun Sep 03 20:09:16.484425 2023] [php:warn] [pid 6244:tid 1096] [client ::1:52025] PHP Warning:  Undefined array key "radius" in C:\\Users\\marin\\OneDrive\\Documents\\Web\\public_html\\shot.php on line 9, referer: http://localhost/
[Sun Sep 03 20:09:16.484425 2023] [php:warn] [pid 6244:tid 1096] [client ::1:52025] PHP Warning:  Undefined array key "name" in C:\\Users\\marin\\OneDrive\\Documents\\Web\\public_html\\shot.php on line 10, referer: http://localhost/
[Sun Sep 03 20:09:16.484425 2023] [php:notice] [pid 6244:tid 1096] [client ::1:52025] PHP Deprecated:  trim(): Passing null to parameter #1 ($string) of type string is deprecated in C:\\Users\\marin\\OneDrive\\Documents\\Web\\public_html\\shot.php on line 10, referer: http://localhost/
[Sun Sep 03 20:09:16.484425 2023] [php:warn] [pid 6244:tid 1096] [client ::1:52025] PHP Warning:  Undefined array key "email" in C:\\Users\\marin\\OneDrive\\Documents\\Web\\public_html\\shot.php on line 11, referer: http://localhost/
[Sun Sep 03 20:09:16.484425 2023] [php:notice] [pid 6244:tid 1096] [client ::1:52025] PHP Deprecated:  trim(): Passing null to parameter #1 ($string) of type string is deprecated in C:\\Users\\marin\\OneDrive\\Documents\\Web\\public_html\\shot.php on line 11, referer: http://localhost/
[Sun Sep 03 20:09:16.484425 2023] [php:warn] [pid 6244:tid 1096] [client ::1:52025] PHP Warning:  Undefined array key "message" in C:\\Users\\marin\\OneDrive\\Documents\\Web\\public_html\\shot.php on line 12, referer: http://localhost/
[Sun Sep 03 20:09:16.484425 2023] [php:notice] [pid 6244:tid 1096] [client ::1:52025] PHP Deprecated:  trim(): Passing null to parameter #1 ($string) of type string is deprecated in C:\\Users\\marin\\OneDrive\\Documents\\Web\\public_html\\shot.php on line 12, referer: http://localhost/
[Sun Sep 03 20:09:52.015929 2023] [php:warn] [pid 6244:tid 1088] [client ::1:52052] PHP Warning:  Undefined array key "xCoord" in C:\\Users\\marin\\OneDrive\\Documents\\Web\\public_html\\shot.php on line 7, referer: http://localhost/
[Sun Sep 03 20:09:52.015929 2023] [php:notice] [pid 6244:tid 1088] [client ::1:52052] PHP Deprecated:  trim(): Passing null to parameter #1 ($string) of type string is deprecated in C:\\Users\\marin\\OneDrive\\Documents\\Web\\public_html\\shot.php on line 7, referer: http://localhost/
[Sun Sep 03 20:09:52.015929 2023] [php:warn] [pid 6244:tid 1088] [client ::1:52052] PHP Warning:  Undefined array key "radius" in C:\\Users\\marin\\OneDrive\\Documents\\Web\\public_html\\shot.php on line 9, referer: http://localhost/
[Sun Sep 03 20:09:52.015929 2023] [php:warn] [pid 6244:tid 1088] [client ::1:52052] PHP Warning:  Undefined array key "name" in C:\\Users\\marin\\OneDrive\\Documents\\Web\\public_html\\shot.php on line 10, referer: http://localhost/
[Sun Sep 03 20:09:52.015929 2023] [php:notice] [pid 6244:tid 1088] [client ::1:52052] PHP Deprecated:  trim(): Passing null to parameter #1 ($string) of type string is deprecated in C:\\Users\\marin\\OneDrive\\Documents\\Web\\public_html\\shot.php on line 10, referer: http://localhost/
[Sun Sep 03 20:09:52.015929 2023] [php:warn] [pid 6244:tid 1088] [client ::1:52052] PHP Warning:  Undefined array key "email" in C:\\Users\\marin\\OneDrive\\Documents\\Web\\public_html\\shot.php on line 11, referer: http://localhost/
[Sun Sep 03 20:09:52.015929 2023] [php:notice] [pid 6244:tid 1088] [client ::1:52052] PHP Deprecated:  trim(): Passing null to parameter #1 ($string) of type string is deprecated in C:\\Users\\marin\\OneDrive\\Documents\\Web\\public_html\\shot.php on line 11, referer: http://localhost/
[Sun Sep 03 20:09:52.015929 2023] [php:warn] [pid 6244:tid 1088] [client ::1:52052] PHP Warning:  Undefined array key "message" in C:\\Users\\marin\\OneDrive\\Documents\\Web\\public_html\\shot.php on line 12, referer: http://localhost/
[Sun Sep 03 20:09:52.015929 2023] [php:notice] [pid 6244:tid 1088] [client ::1:52052] PHP Deprecated:  trim(): Passing null to parameter #1 ($string) of type string is deprecated in C:\\Users\\marin\\OneDrive\\Documents\\Web\\public_html\\shot.php on line 12, referer: http://localhost/
[Sun Sep 03 20:10:22.740668 2023] [php:warn] [pid 6244:tid 1104] [client ::1:52053] PHP Warning:  Undefined array key "xCoord" in C:\\Users\\marin\\OneDrive\\Documents\\Web\\public_html\\shot.php on line 7, referer: http://localhost/
[Sun Sep 03 20:10:22.740668 2023] [php:notice] [pid 6244:tid 1104] [client ::1:52053] PHP Deprecated:  trim(): Passing null to parameter #1 ($string) of type string is deprecated in C:\\Users\\marin\\OneDrive\\Documents\\Web\\public_html\\shot.php on line 7, referer: http://localhost/
[Sun Sep 03 20:10:22.740668 2023] [php:warn] [pid 6244:tid 1104] [client ::1:52053] PHP Warning:  Undefined array key "radius" in C:\\Users\\marin\\OneDrive\\Documents\\Web\\public_html\\shot.php on line 9, referer: http://localhost/
[Sun Sep 03 20:10:22.740668 2023] [php:warn] [pid 6244:tid 1104] [client ::1:52053] PHP Warning:  Undefined array key "name" in C:\\Users\\marin\\OneDrive\\Documents\\Web\\public_html\\shot.php on line 10, referer: http://localhost/
[Sun Sep 03 20:10:22.740668 2023] [php:notice] [pid 6244:tid 1104] [client ::1:52053] PHP Deprecated:  trim(): Passing null to parameter #1 ($string) of type string is deprecated in C:\\Users\\marin\\OneDrive\\Documents\\Web\\public_html\\shot.php on line 10, referer: http://localhost/
[Sun Sep 03 20:10:22.740668 2023] [php:warn] [pid 6244:tid 1104] [client ::1:52053] PHP Warning:  Undefined array key "email" in C:\\Users\\marin\\OneDrive\\Documents\\Web\\public_html\\shot.php on line 11, referer: http://localhost/
[Sun Sep 03 20:10:22.740668 2023] [php:notice] [pid 6244:tid 1104] [client ::1:52053] PHP Deprecated:  trim(): Passing null to parameter #1 ($string) of type string is deprecated in C:\\Users\\marin\\OneDrive\\Documents\\Web\\public_html\\shot.php on line 11, referer: http://localhost/
[Sun Sep 03 20:10:22.740668 2023] [php:warn] [pid 6244:tid 1104] [client ::1:52053] PHP Warning:  Undefined array key "message" in C:\\Users\\marin\\OneDrive\\Documents\\Web\\public_html\\shot.php on line 12, referer: http://localhost/
[Sun Sep 03 20:10:22.740668 2023] [php:notice] [pid 6244:tid 1104] [client ::1:52053] PHP Deprecated:  trim(): Passing null to parameter #1 ($string) of type string is deprecated in C:\\Users\\marin\\OneDrive\\Documents\\Web\\public_html\\shot.php on line 12, referer: http://localhost/
[Sun Sep 03 20:10:25.249574 2023] [php:warn] [pid 6244:tid 1088] [client ::1:52070] PHP Warning:  Undefined array key "xCoord" in C:\\Users\\marin\\OneDrive\\Documents\\Web\\public_html\\shot.php on line 7, referer: http://localhost/
[Sun Sep 03 20:10:25.249574 2023] [php:notice] [pid 6244:tid 1088] [client ::1:52070] PHP Deprecated:  trim(): Passing null to parameter #1 ($string) of type string is deprecated in C:\\Users\\marin\\OneDrive\\Documents\\Web\\public_html\\shot.php on line 7, referer: http://localhost/
[Sun Sep 03 20:10:25.249574 2023] [php:warn] [pid 6244:tid 1088] [client ::1:52070] PHP Warning:  Undefined array key "radius" in C:\\Users\\marin\\OneDrive\\Documents\\Web\\public_html\\shot.php on line 9, referer: http://localhost/
[Sun Sep 03 20:10:25.249574 2023] [php:warn] [pid 6244:tid 1088] [client ::1:52070] PHP Warning:  Undefined array key "name" in C:\\Users\\marin\\OneDrive\\Documents\\Web\\public_html\\shot.php on line 10, referer: http://localhost/
[Sun Sep 03 20:10:25.249574 2023] [php:notice] [pid 6244:tid 1088] [client ::1:52070] PHP Deprecated:  trim(): Passing null to parameter #1 ($string) of type string is deprecated in C:\\Users\\marin\\OneDrive\\Documents\\Web\\public_html\\shot.php on line 10, referer: http://localhost/
[Sun Sep 03 20:10:25.249574 2023] [php:warn] [pid 6244:tid 1088] [client ::1:52070] PHP Warning:  Undefined array key "email" in C:\\Users\\marin\\OneDrive\\Documents\\Web\\public_html\\shot.php on line 11, referer: http://localhost/
[Sun Sep 03 20:10:25.249574 2023] [php:notice] [pid 6244:tid 1088] [client ::1:52070] PHP Deprecated:  trim(): Passing null to parameter #1 ($string) of type string is deprecated in C:\\Users\\marin\\OneDrive\\Documents\\Web\\public_html\\shot.php on line 11, referer: http://localhost/
[Sun Sep 03 20:10:25.249574 2023] [php:warn] [pid 6244:tid 1088] [client ::1:52070] PHP Warning:  Undefined array key "message" in C:\\Users\\marin\\OneDrive\\Documents\\Web\\public_html\\shot.php on line 12, referer: http://localhost/
[Sun Sep 03 20:10:25.249574 2023] [php:notice] [pid 6244:tid 1088] [client ::1:52070] PHP Deprecated:  trim(): Passing null to parameter #1 ($string) of type string is deprecated in C:\\Users\\marin\\OneDrive\\Documents\\Web\\public_html\\shot.php on line 12, referer: http://localhost/
[Sun Sep 03 20:10:26.416924 2023] [php:warn] [pid 6244:tid 1104] [client ::1:52072] PHP Warning:  Undefined array key "xCoord" in C:\\Users\\marin\\OneDrive\\Documents\\Web\\public_html\\shot.php on line 7, referer: http://localhost/
[Sun Sep 03 20:10:26.416924 2023] [php:notice] [pid 6244:tid 1104] [client ::1:52072] PHP Deprecated:  trim(): Passing null to parameter #1 ($string) of type string is deprecated in C:\\Users\\marin\\OneDrive\\Documents\\Web\\public_html\\shot.php on line 7, referer: http://localhost/
[Sun Sep 03 20:10:26.416924 2023] [php:warn] [pid 6244:tid 1104] [client ::1:52072] PHP Warning:  Undefined array key "radius" in C:\\Users\\marin\\OneDrive\\Documents\\Web\\public_html\\shot.php on line 9, referer: http://localhost/
[Sun Sep 03 20:10:26.416924 2023] [php:warn] [pid 6244:tid 1104] [client ::1:52072] PHP Warning:  Undefined array key "name" in C:\\Users\\marin\\OneDrive\\Documents\\Web\\public_html\\shot.php on line 10, referer: http://localhost/
[Sun Sep 03 20:10:26.416924 2023] [php:notice] [pid 6244:tid 1104] [client ::1:52072] PHP Deprecated:  trim(): Passing null to parameter #1 ($string) of type string is deprecated in C:\\Users\\marin\\OneDrive\\Documents\\Web\\public_html\\shot.php on line 10, referer: http://localhost/
[Sun Sep 03 20:10:26.416924 2023] [php:warn] [pid 6244:tid 1104] [client ::1:52072] PHP Warning:  Undefined array key "email" in C:\\Users\\marin\\OneDrive\\Documents\\Web\\public_html\\shot.php on line 11, referer: http://localhost/
[Sun Sep 03 20:10:26.416924 2023] [php:notice] [pid 6244:tid 1104] [client ::1:52072] PHP Deprecated:  trim(): Passing null to parameter #1 ($string) of type string is deprecated in C:\\Users\\marin\\OneDrive\\Documents\\Web\\public_html\\shot.php on line 11, referer: http://localhost/
[Sun Sep 03 20:10:26.416924 2023] [php:warn] [pid 6244:tid 1104] [client ::1:52072] PHP Warning:  Undefined array key "message" in C:\\Users\\marin\\OneDrive\\Documents\\Web\\public_html\\shot.php on line 12, referer: http://localhost/
[Sun Sep 03 20:10:26.416924 2023] [php:notice] [pid 6244:tid 1104] [client ::1:52072] PHP Deprecated:  trim(): Passing null to parameter #1 ($string) of type string is deprecated in C:\\Users\\marin\\OneDrive\\Documents\\Web\\public_html\\shot.php on line 12, referer: http://localhost/
[Sun Sep 03 20:18:33.385029 2023] [php:warn] [pid 6244:tid 1088] [client ::1:52329] PHP Warning:  Undefined array key "xCoord" in C:\\Users\\marin\\OneDrive\\Documents\\Web\\public_html\\shot.php on line 7, referer: http://localhost/
[Sun Sep 03 20:18:33.385029 2023] [php:notice] [pid 6244:tid 1088] [client ::1:52329] PHP Deprecated:  trim(): Passing null to parameter #1 ($string) of type string is deprecated in C:\\Users\\marin\\OneDrive\\Documents\\Web\\public_html\\shot.php on line 7, referer: http://localhost/
[Sun Sep 03 20:18:33.385029 2023] [php:warn] [pid 6244:tid 1088] [client ::1:52329] PHP Warning:  Undefined array key "radius" in C:\\Users\\marin\\OneDrive\\Documents\\Web\\public_html\\shot.php on line 9, referer: http://localhost/
[Sun Sep 03 20:18:33.385029 2023] [php:warn] [pid 6244:tid 1088] [client ::1:52329] PHP Warning:  Undefined array key "name" in C:\\Users\\marin\\OneDrive\\Documents\\Web\\public_html\\shot.php on line 10, referer: http://localhost/
[Sun Sep 03 20:18:33.385029 2023] [php:notice] [pid 6244:tid 1088] [client ::1:52329] PHP Deprecated:  trim(): Passing null to parameter #1 ($string) of type string is deprecated in C:\\Users\\marin\\OneDrive\\Documents\\Web\\public_html\\shot.php on line 10, referer: http://localhost/
[Sun Sep 03 20:18:33.385029 2023] [php:warn] [pid 6244:tid 1088] [client ::1:52329] PHP Warning:  Undefined array key "email" in C:\\Users\\marin\\OneDrive\\Documents\\Web\\public_html\\shot.php on line 11, referer: http://localhost/
[Sun Sep 03 20:18:33.385029 2023] [php:notice] [pid 6244:tid 1088] [client ::1:52329] PHP Deprecated:  trim(): Passing null to parameter #1 ($string) of type string is deprecated in C:\\Users\\marin\\OneDrive\\Documents\\Web\\public_html\\shot.php on line 11, referer: http://localhost/
[Sun Sep 03 20:18:33.385029 2023] [php:warn] [pid 6244:tid 1088] [client ::1:52329] PHP Warning:  Undefined array key "message" in C:\\Users\\marin\\OneDrive\\Documents\\Web\\public_html\\shot.php on line 12, referer: http://localhost/
[Sun Sep 03 20:18:33.385029 2023] [php:notice] [pid 6244:tid 1088] [client ::1:52329] PHP Deprecated:  trim(): Passing null to parameter #1 ($string) of type string is deprecated in C:\\Users\\marin\\OneDrive\\Documents\\Web\\public_html\\shot.php on line 12, referer: http://localhost/
[Sun Sep 03 20:20:43.332155 2023] [php:error] [pid 6244:tid 1088] [client ::1:52403] PHP Parse error:  syntax error, unexpected token ")" in C:\\Users\\marin\\OneDrive\\Documents\\Web\\public_html\\shot.php on line 13, referer: http://localhost/
[Sun Sep 03 20:20:47.549028 2023] [php:error] [pid 6244:tid 1088] [client ::1:52403] PHP Parse error:  syntax error, unexpected token ")" in C:\\Users\\marin\\OneDrive\\Documents\\Web\\public_html\\shot.php on line 13, referer: http://localhost/
[Sun Sep 03 20:21:14.775618 2023] [php:warn] [pid 6244:tid 1104] [client ::1:52404] PHP Warning:  Undefined array key "xCoord" in C:\\Users\\marin\\OneDrive\\Documents\\Web\\public_html\\shot.php on line 7, referer: http://localhost/
[Sun Sep 03 20:21:14.775618 2023] [php:notice] [pid 6244:tid 1104] [client ::1:52404] PHP Deprecated:  trim(): Passing null to parameter #1 ($string) of type string is deprecated in C:\\Users\\marin\\OneDrive\\Documents\\Web\\public_html\\shot.php on line 7, referer: http://localhost/
[Sun Sep 03 20:21:14.775618 2023] [php:warn] [pid 6244:tid 1104] [client ::1:52404] PHP Warning:  Undefined array key "radius" in C:\\Users\\marin\\OneDrive\\Documents\\Web\\public_html\\shot.php on line 9, referer: http://localhost/
[Sun Sep 03 20:21:14.775618 2023] [php:warn] [pid 6244:tid 1104] [client ::1:52404] PHP Warning:  Undefined array key "name" in C:\\Users\\marin\\OneDrive\\Documents\\Web\\public_html\\shot.php on line 10, referer: http://localhost/
[Sun Sep 03 20:21:14.775618 2023] [php:notice] [pid 6244:tid 1104] [client ::1:52404] PHP Deprecated:  trim(): Passing null to parameter #1 ($string) of type string is deprecated in C:\\Users\\marin\\OneDrive\\Documents\\Web\\public_html\\shot.php on line 10, referer: http://localhost/
[Sun Sep 03 20:21:14.775618 2023] [php:warn] [pid 6244:tid 1104] [client ::1:52404] PHP Warning:  Undefined array key "email" in C:\\Users\\marin\\OneDrive\\Documents\\Web\\public_html\\shot.php on line 11, referer: http://localhost/
[Sun Sep 03 20:21:14.775618 2023] [php:notice] [pid 6244:tid 1104] [client ::1:52404] PHP Deprecated:  trim(): Passing null to parameter #1 ($string) of type string is deprecated in C:\\Users\\marin\\OneDrive\\Documents\\Web\\public_html\\shot.php on line 11, referer: http://localhost/
[Sun Sep 03 20:21:14.775618 2023] [php:warn] [pid 6244:tid 1104] [client ::1:52404] PHP Warning:  Undefined array key "message" in C:\\Users\\marin\\OneDrive\\Documents\\Web\\public_html\\shot.php on line 12, referer: http://localhost/
[Sun Sep 03 20:21:14.775618 2023] [php:notice] [pid 6244:tid 1104] [client ::1:52404] PHP Deprecated:  trim(): Passing null to parameter #1 ($string) of type string is deprecated in C:\\Users\\marin\\OneDrive\\Documents\\Web\\public_html\\shot.php on line 12, referer: http://localhost/
[Sun Sep 03 20:42:59.994273 2023] [php:notice] [pid 6244:tid 1104] [client ::1:53186] PHP Notice:  02 in C:\\Users\\marin\\OneDrive\\Documents\\Web\\public_html\\shot.php on line 16, referer: http://localhost/
[Sun Sep 03 20:43:01.646772 2023] [php:notice] [pid 6244:tid 1088] [client ::1:53187] PHP Notice:  02 in C:\\Users\\marin\\OneDrive\\Documents\\Web\\public_html\\shot.php on line 16, referer: http://localhost/
[Sun Sep 03 20:44:55.900740 2023] [php:notice] [pid 6244:tid 1088] [client ::1:53257] PHP Notice:  02 in C:\\Users\\marin\\OneDrive\\Documents\\Web\\public_html\\shot.php on line 16, referer: http://localhost/
[Sun Sep 03 20:44:58.813603 2023] [php:notice] [pid 6244:tid 1104] [client ::1:53258] PHP Notice:  002 in C:\\Users\\marin\\OneDrive\\Documents\\Web\\public_html\\shot.php on line 16, referer: http://localhost/
[Sun Sep 03 20:45:11.338647 2023] [php:notice] [pid 6244:tid 1088] [client ::1:53260] PHP Notice:  002 in C:\\Users\\marin\\OneDrive\\Documents\\Web\\public_html\\shot.php on line 16, referer: http://localhost/
[Sun Sep 03 20:46:15.993466 2023] [php:notice] [pid 6244:tid 1104] [client ::1:53300] PHP Notice:  002 in C:\\Users\\marin\\OneDrive\\Documents\\Web\\public_html\\shot.php on line 16, referer: http://localhost/
[Sun Sep 03 20:48:55.089905 2023] [php:notice] [pid 6244:tid 1088] [client ::1:53385] PHP Notice:  002 in C:\\Users\\marin\\OneDrive\\Documents\\Web\\public_html\\shot.php on line 16, referer: http://localhost/
[Sun Sep 03 20:48:56.761818 2023] [php:notice] [pid 6244:tid 1104] [client ::1:53386] PHP Notice:  002 in C:\\Users\\marin\\OneDrive\\Documents\\Web\\public_html\\shot.php on line 16, referer: http://localhost/
[Sun Sep 03 20:48:59.442401 2023] [php:notice] [pid 6244:tid 1088] [client ::1:53387] PHP Notice:  002 in C:\\Users\\marin\\OneDrive\\Documents\\Web\\public_html\\shot.php on line 16, referer: http://localhost/
[Sun Sep 03 20:53:41.266614 2023] [php:notice] [pid 6244:tid 1104] [client ::1:53537] PHP Notice:  02 in C:\\Users\\marin\\OneDrive\\Documents\\Web\\public_html\\shot.php on line 16, referer: http://localhost/
[Sun Sep 03 20:53:57.780886 2023] [php:notice] [pid 6244:tid 1104] [client ::1:53557] PHP Notice:  02 in C:\\Users\\marin\\OneDrive\\Documents\\Web\\public_html\\shot.php on line 16, referer: http://localhost/
[Sun Sep 03 20:54:00.986664 2023] [php:notice] [pid 6244:tid 1088] [client ::1:53558] PHP Notice:  02 in C:\\Users\\marin\\OneDrive\\Documents\\Web\\public_html\\shot.php on line 16, referer: http://localhost/
[Sun Sep 03 20:54:28.699039 2023] [php:warn] [pid 6244:tid 1104] [client ::1:53559] PHP Warning:  Undefined variable $xCoord in C:\\Users\\marin\\OneDrive\\Documents\\Web\\public_html\\shot.php on line 13, referer: http://localhost/
[Sun Sep 03 20:54:28.699039 2023] [php:notice] [pid 6244:tid 1104] [client ::1:53559] PHP Deprecated:  trigger_error(): Passing null to parameter #1 ($message) of type string is deprecated in C:\\Users\\marin\\OneDrive\\Documents\\Web\\public_html\\shot.php on line 13, referer: http://localhost/
[Sun Sep 03 20:54:28.699039 2023] [php:notice] [pid 6244:tid 1104] [client ::1:53559] PHP Notice:   in C:\\Users\\marin\\OneDrive\\Documents\\Web\\public_html\\shot.php on line 13, referer: http://localhost/
[Sun Sep 03 20:54:28.699039 2023] [php:notice] [pid 6244:tid 1104] [client ::1:53559] PHP Notice:  02 in C:\\Users\\marin\\OneDrive\\Documents\\Web\\public_html\\shot.php on line 17, referer: http://localhost/
[Sun Sep 03 20:54:32.416181 2023] [php:warn] [pid 6244:tid 1088] [client ::1:53573] PHP Warning:  Undefined variable $xCoord in C:\\Users\\marin\\OneDrive\\Documents\\Web\\public_html\\shot.php on line 13, referer: http://localhost/
[Sun Sep 03 20:54:32.416181 2023] [php:notice] [pid 6244:tid 1088] [client ::1:53573] PHP Deprecated:  trigger_error(): Passing null to parameter #1 ($message) of type string is deprecated in C:\\Users\\marin\\OneDrive\\Documents\\Web\\public_html\\shot.php on line 13, referer: http://localhost/
[Sun Sep 03 20:54:32.416181 2023] [php:notice] [pid 6244:tid 1088] [client ::1:53573] PHP Notice:   in C:\\Users\\marin\\OneDrive\\Documents\\Web\\public_html\\shot.php on line 13, referer: http://localhost/
[Sun Sep 03 20:54:32.416181 2023] [php:notice] [pid 6244:tid 1088] [client ::1:53573] PHP Notice:  02 in C:\\Users\\marin\\OneDrive\\Documents\\Web\\public_html\\shot.php on line 17, referer: http://localhost/
[Sun Sep 03 20:56:03.603444 2023] [php:warn] [pid 6244:tid 1104] [client ::1:53624] PHP Warning:  Undefined variable $xCoord in C:\\Users\\marin\\OneDrive\\Documents\\Web\\public_html\\shot.php on line 13, referer: http://localhost/
[Sun Sep 03 20:56:03.603444 2023] [php:notice] [pid 6244:tid 1104] [client ::1:53624] PHP Deprecated:  trigger_error(): Passing null to parameter #1 ($message) of type string is deprecated in C:\\Users\\marin\\OneDrive\\Documents\\Web\\public_html\\shot.php on line 13, referer: http://localhost/
[Sun Sep 03 20:56:03.603444 2023] [php:notice] [pid 6244:tid 1104] [client ::1:53624] PHP Notice:   in C:\\Users\\marin\\OneDrive\\Documents\\Web\\public_html\\shot.php on line 13, referer: http://localhost/
[Sun Sep 03 20:56:03.603444 2023] [php:notice] [pid 6244:tid 1104] [client ::1:53624] PHP Notice:  02 in C:\\Users\\marin\\OneDrive\\Documents\\Web\\public_html\\shot.php on line 17, referer: http://localhost/
[Sun Sep 03 20:56:16.084667 2023] [php:warn] [pid 6244:tid 1088] [client ::1:53625] PHP Warning:  Undefined variable $xCoord in C:\\Users\\marin\\OneDrive\\Documents\\Web\\public_html\\shot.php on line 13, referer: http://localhost/
[Sun Sep 03 20:56:16.084667 2023] [php:notice] [pid 6244:tid 1088] [client ::1:53625] PHP Deprecated:  trigger_error(): Passing null to parameter #1 ($message) of type string is deprecated in C:\\Users\\marin\\OneDrive\\Documents\\Web\\public_html\\shot.php on line 13, referer: http://localhost/
[Sun Sep 03 20:56:16.084667 2023] [php:notice] [pid 6244:tid 1088] [client ::1:53625] PHP Notice:   in C:\\Users\\marin\\OneDrive\\Documents\\Web\\public_html\\shot.php on line 13, referer: http://localhost/
[Sun Sep 03 20:56:16.084667 2023] [php:notice] [pid 6244:tid 1088] [client ::1:53625] PHP Notice:  223 in C:\\Users\\marin\\OneDrive\\Documents\\Web\\public_html\\shot.php on line 17, referer: http://localhost/
[Sun Sep 03 20:56:28.611545 2023] [php:warn] [pid 6244:tid 1104] [client ::1:53630] PHP Warning:  Undefined variable $xCoord in C:\\Users\\marin\\OneDrive\\Documents\\Web\\public_html\\shot.php on line 13, referer: http://localhost/
[Sun Sep 03 20:56:28.611545 2023] [php:notice] [pid 6244:tid 1104] [client ::1:53630] PHP Deprecated:  trigger_error(): Passing null to parameter #1 ($message) of type string is deprecated in C:\\Users\\marin\\OneDrive\\Documents\\Web\\public_html\\shot.php on line 13, referer: http://localhost/
[Sun Sep 03 20:56:28.611545 2023] [php:notice] [pid 6244:tid 1104] [client ::1:53630] PHP Notice:   in C:\\Users\\marin\\OneDrive\\Documents\\Web\\public_html\\shot.php on line 13, referer: http://localhost/
[Sun Sep 03 20:56:28.611545 2023] [php:notice] [pid 6244:tid 1104] [client ::1:53630] PHP Notice:  223 in C:\\Users\\marin\\OneDrive\\Documents\\Web\\public_html\\shot.php on line 17, referer: http://localhost/
[Sun Sep 03 20:56:32.866880 2023] [php:warn] [pid 6244:tid 1088] [client ::1:53640] PHP Warning:  Undefined variable $xCoord in C:\\Users\\marin\\OneDrive\\Documents\\Web\\public_html\\shot.php on line 13, referer: http://localhost/
[Sun Sep 03 20:56:32.866880 2023] [php:notice] [pid 6244:tid 1088] [client ::1:53640] PHP Deprecated:  trigger_error(): Passing null to parameter #1 ($message) of type string is deprecated in C:\\Users\\marin\\OneDrive\\Documents\\Web\\public_html\\shot.php on line 13, referer: http://localhost/
[Sun Sep 03 20:56:32.866880 2023] [php:notice] [pid 6244:tid 1088] [client ::1:53640] PHP Notice:   in C:\\Users\\marin\\OneDrive\\Documents\\Web\\public_html\\shot.php on line 13, referer: http://localhost/
[Sun Sep 03 20:56:32.866880 2023] [php:notice] [pid 6244:tid 1088] [client ::1:53640] PHP Notice:  02 in C:\\Users\\marin\\OneDrive\\Documents\\Web\\public_html\\shot.php on line 17, referer: http://localhost/
[Sun Sep 03 20:56:36.634344 2023] [php:warn] [pid 6244:tid 1104] [client ::1:53648] PHP Warning:  Undefined variable $xCoord in C:\\Users\\marin\\OneDrive\\Documents\\Web\\public_html\\shot.php on line 13, referer: http://localhost/
[Sun Sep 03 20:56:36.634344 2023] [php:notice] [pid 6244:tid 1104] [client ::1:53648] PHP Deprecated:  trigger_error(): Passing null to parameter #1 ($message) of type string is deprecated in C:\\Users\\marin\\OneDrive\\Documents\\Web\\public_html\\shot.php on line 13, referer: http://localhost/
[Sun Sep 03 20:56:36.634344 2023] [php:notice] [pid 6244:tid 1104] [client ::1:53648] PHP Notice:   in C:\\Users\\marin\\OneDrive\\Documents\\Web\\public_html\\shot.php on line 13, referer: http://localhost/
[Sun Sep 03 20:56:36.634344 2023] [php:notice] [pid 6244:tid 1104] [client ::1:53648] PHP Notice:  02 in C:\\Users\\marin\\OneDrive\\Documents\\Web\\public_html\\shot.php on line 17, referer: http://localhost/
[Sun Sep 03 20:56:40.734099 2023] [php:warn] [pid 6244:tid 1088] [client ::1:53651] PHP Warning:  Undefined variable $xCoord in C:\\Users\\marin\\OneDrive\\Documents\\Web\\public_html\\shot.php on line 13, referer: http://localhost/
[Sun Sep 03 20:56:40.734099 2023] [php:notice] [pid 6244:tid 1088] [client ::1:53651] PHP Deprecated:  trigger_error(): Passing null to parameter #1 ($message) of type string is deprecated in C:\\Users\\marin\\OneDrive\\Documents\\Web\\public_html\\shot.php on line 13, referer: http://localhost/
[Sun Sep 03 20:56:40.734099 2023] [php:notice] [pid 6244:tid 1088] [client ::1:53651] PHP Notice:   in C:\\Users\\marin\\OneDrive\\Documents\\Web\\public_html\\shot.php on line 13, referer: http://localhost/
[Sun Sep 03 20:56:40.734099 2023] [php:notice] [pid 6244:tid 1088] [client ::1:53651] PHP Notice:  02 in C:\\Users\\marin\\OneDrive\\Documents\\Web\\public_html\\shot.php on line 17, referer: http://localhost/
[Sun Sep 03 20:56:44.856754 2023] [php:warn] [pid 6244:tid 1104] [client ::1:53654] PHP Warning:  Undefined variable $xCoord in C:\\Users\\marin\\OneDrive\\Documents\\Web\\public_html\\shot.php on line 13, referer: http://localhost/
[Sun Sep 03 20:56:44.856754 2023] [php:notice] [pid 6244:tid 1104] [client ::1:53654] PHP Deprecated:  trigger_error(): Passing null to parameter #1 ($message) of type string is deprecated in C:\\Users\\marin\\OneDrive\\Documents\\Web\\public_html\\shot.php on line 13, referer: http://localhost/
[Sun Sep 03 20:56:44.856754 2023] [php:notice] [pid 6244:tid 1104] [client ::1:53654] PHP Notice:   in C:\\Users\\marin\\OneDrive\\Documents\\Web\\public_html\\shot.php on line 13, referer: http://localhost/
[Sun Sep 03 20:56:44.856754 2023] [php:notice] [pid 6244:tid 1104] [client ::1:53654] PHP Notice:  02 in C:\\Users\\marin\\OneDrive\\Documents\\Web\\public_html\\shot.php on line 17, referer: http://localhost/
[Sun Sep 03 20:56:48.533618 2023] [php:warn] [pid 6244:tid 1088] [client ::1:53657] PHP Warning:  Undefined variable $xCoord in C:\\Users\\marin\\OneDrive\\Documents\\Web\\public_html\\shot.php on line 13, referer: http://localhost/
[Sun Sep 03 20:56:48.533618 2023] [php:notice] [pid 6244:tid 1088] [client ::1:53657] PHP Deprecated:  trigger_error(): Passing null to parameter #1 ($message) of type string is deprecated in C:\\Users\\marin\\OneDrive\\Documents\\Web\\public_html\\shot.php on line 13, referer: http://localhost/
[Sun Sep 03 20:56:48.533618 2023] [php:notice] [pid 6244:tid 1088] [client ::1:53657] PHP Notice:   in C:\\Users\\marin\\OneDrive\\Documents\\Web\\public_html\\shot.php on line 13, referer: http://localhost/
[Sun Sep 03 20:56:48.533618 2023] [php:notice] [pid 6244:tid 1088] [client ::1:53657] PHP Notice:  03 in C:\\Users\\marin\\OneDrive\\Documents\\Web\\public_html\\shot.php on line 17, referer: http://localhost/
[Sun Sep 03 20:56:51.453096 2023] [php:warn] [pid 6244:tid 1104] [client ::1:53659] PHP Warning:  Undefined variable $xCoord in C:\\Users\\marin\\OneDrive\\Documents\\Web\\public_html\\shot.php on line 13, referer: http://localhost/
[Sun Sep 03 20:56:51.453096 2023] [php:notice] [pid 6244:tid 1104] [client ::1:53659] PHP Deprecated:  trigger_error(): Passing null to parameter #1 ($message) of type string is deprecated in C:\\Users\\marin\\OneDrive\\Documents\\Web\\public_html\\shot.php on line 13, referer: http://localhost/
[Sun Sep 03 20:56:51.453096 2023] [php:notice] [pid 6244:tid 1104] [client ::1:53659] PHP Notice:   in C:\\Users\\marin\\OneDrive\\Documents\\Web\\public_html\\shot.php on line 13, referer: http://localhost/
[Sun Sep 03 20:56:51.453096 2023] [php:notice] [pid 6244:tid 1104] [client ::1:53659] PHP Notice:  03 in C:\\Users\\marin\\OneDrive\\Documents\\Web\\public_html\\shot.php on line 17, referer: http://localhost/
[Sun Sep 03 20:56:56.257424 2023] [php:warn] [pid 6244:tid 1088] [client ::1:53662] PHP Warning:  Undefined variable $xCoord in C:\\Users\\marin\\OneDrive\\Documents\\Web\\public_html\\shot.php on line 13, referer: http://localhost/
[Sun Sep 03 20:56:56.257424 2023] [php:notice] [pid 6244:tid 1088] [client ::1:53662] PHP Deprecated:  trigger_error(): Passing null to parameter #1 ($message) of type string is deprecated in C:\\Users\\marin\\OneDrive\\Documents\\Web\\public_html\\shot.php on line 13, referer: http://localhost/
[Sun Sep 03 20:56:56.258420 2023] [php:notice] [pid 6244:tid 1088] [client ::1:53662] PHP Notice:   in C:\\Users\\marin\\OneDrive\\Documents\\Web\\public_html\\shot.php on line 13, referer: http://localhost/
[Sun Sep 03 20:56:56.258420 2023] [php:notice] [pid 6244:tid 1088] [client ::1:53662] PHP Notice:  02 in C:\\Users\\marin\\OneDrive\\Documents\\Web\\public_html\\shot.php on line 17, referer: http://localhost/
[Sun Sep 03 20:57:19.736716 2023] [php:warn] [pid 6244:tid 1104] [client ::1:53664] PHP Warning:  Undefined array key "xCoord" in C:\\Users\\marin\\OneDrive\\Documents\\Web\\public_html\\shot.php on line 13, referer: http://localhost/
[Sun Sep 03 20:57:19.736716 2023] [php:notice] [pid 6244:tid 1104] [client ::1:53664] PHP Deprecated:  trigger_error(): Passing null to parameter #1 ($message) of type string is deprecated in C:\\Users\\marin\\OneDrive\\Documents\\Web\\public_html\\shot.php on line 13, referer: http://localhost/
[Sun Sep 03 20:57:19.736716 2023] [php:notice] [pid 6244:tid 1104] [client ::1:53664] PHP Notice:   in C:\\Users\\marin\\OneDrive\\Documents\\Web\\public_html\\shot.php on line 13, referer: http://localhost/
[Sun Sep 03 20:57:19.736716 2023] [php:notice] [pid 6244:tid 1104] [client ::1:53664] PHP Notice:  02 in C:\\Users\\marin\\OneDrive\\Documents\\Web\\public_html\\shot.php on line 17, referer: http://localhost/
[Sun Sep 03 20:57:24.595792 2023] [php:warn] [pid 6244:tid 1088] [client ::1:53683] PHP Warning:  Undefined array key "xCoord" in C:\\Users\\marin\\OneDrive\\Documents\\Web\\public_html\\shot.php on line 13, referer: http://localhost/
[Sun Sep 03 20:57:24.595792 2023] [php:notice] [pid 6244:tid 1088] [client ::1:53683] PHP Deprecated:  trigger_error(): Passing null to parameter #1 ($message) of type string is deprecated in C:\\Users\\marin\\OneDrive\\Documents\\Web\\public_html\\shot.php on line 13, referer: http://localhost/
[Sun Sep 03 20:57:24.595792 2023] [php:notice] [pid 6244:tid 1088] [client ::1:53683] PHP Notice:   in C:\\Users\\marin\\OneDrive\\Documents\\Web\\public_html\\shot.php on line 13, referer: http://localhost/
[Sun Sep 03 20:57:24.595792 2023] [php:notice] [pid 6244:tid 1088] [client ::1:53683] PHP Notice:  02 in C:\\Users\\marin\\OneDrive\\Documents\\Web\\public_html\\shot.php on line 17, referer: http://localhost/
[Sun Sep 03 20:59:40.310725 2023] [php:warn] [pid 6244:tid 1104] [client ::1:53762] PHP Warning:  Undefined array key "xCoord" in C:\\Users\\marin\\OneDrive\\Documents\\Web\\public_html\\shot.php on line 13, referer: http://localhost/
[Sun Sep 03 20:59:40.310725 2023] [php:notice] [pid 6244:tid 1104] [client ::1:53762] PHP Deprecated:  trigger_error(): Passing null to parameter #1 ($message) of type string is deprecated in C:\\Users\\marin\\OneDrive\\Documents\\Web\\public_html\\shot.php on line 13, referer: http://localhost/
[Sun Sep 03 20:59:40.310725 2023] [php:notice] [pid 6244:tid 1104] [client ::1:53762] PHP Notice:   in C:\\Users\\marin\\OneDrive\\Documents\\Web\\public_html\\shot.php on line 13, referer: http://localhost/
[Sun Sep 03 20:59:40.310725 2023] [php:notice] [pid 6244:tid 1104] [client ::1:53762] PHP Notice:  02 in C:\\Users\\marin\\OneDrive\\Documents\\Web\\public_html\\shot.php on line 17, referer: http://localhost/
[Sun Sep 03 20:59:42.965558 2023] [php:warn] [pid 6244:tid 1104] [client ::1:53764] PHP Warning:  Undefined array key "xCoord" in C:\\Users\\marin\\OneDrive\\Documents\\Web\\public_html\\shot.php on line 13, referer: http://localhost/
[Sun Sep 03 20:59:42.965558 2023] [php:notice] [pid 6244:tid 1104] [client ::1:53764] PHP Deprecated:  trigger_error(): Passing null to parameter #1 ($message) of type string is deprecated in C:\\Users\\marin\\OneDrive\\Documents\\Web\\public_html\\shot.php on line 13, referer: http://localhost/
[Sun Sep 03 20:59:42.965558 2023] [php:notice] [pid 6244:tid 1104] [client ::1:53764] PHP Notice:   in C:\\Users\\marin\\OneDrive\\Documents\\Web\\public_html\\shot.php on line 13, referer: http://localhost/
[Sun Sep 03 20:59:42.965558 2023] [php:notice] [pid 6244:tid 1104] [client ::1:53764] PHP Notice:  02 in C:\\Users\\marin\\OneDrive\\Documents\\Web\\public_html\\shot.php on line 17, referer: http://localhost/
[Sun Sep 03 20:59:49.991767 2023] [php:warn] [pid 6244:tid 1104] [client ::1:53767] PHP Warning:  Undefined array key "xCoord" in C:\\Users\\marin\\OneDrive\\Documents\\Web\\public_html\\shot.php on line 13, referer: http://localhost/
[Sun Sep 03 20:59:49.991767 2023] [php:notice] [pid 6244:tid 1104] [client ::1:53767] PHP Deprecated:  trigger_error(): Passing null to parameter #1 ($message) of type string is deprecated in C:\\Users\\marin\\OneDrive\\Documents\\Web\\public_html\\shot.php on line 13, referer: http://localhost/
[Sun Sep 03 20:59:49.991767 2023] [php:notice] [pid 6244:tid 1104] [client ::1:53767] PHP Notice:   in C:\\Users\\marin\\OneDrive\\Documents\\Web\\public_html\\shot.php on line 13, referer: http://localhost/
[Sun Sep 03 20:59:49.991767 2023] [php:notice] [pid 6244:tid 1104] [client ::1:53767] PHP Notice:  02 in C:\\Users\\marin\\OneDrive\\Documents\\Web\\public_html\\shot.php on line 17, referer: http://localhost/
[Sun Sep 03 21:00:06.769005 2023] [php:warn] [pid 6244:tid 1088] [client ::1:53769] PHP Warning:  Undefined array key "xCoord" in C:\\Users\\marin\\OneDrive\\Documents\\Web\\public_html\\shot.php on line 13, referer: http://localhost/
[Sun Sep 03 21:00:06.769005 2023] [php:notice] [pid 6244:tid 1088] [client ::1:53769] PHP Deprecated:  trigger_error(): Passing null to parameter #1 ($message) of type string is deprecated in C:\\Users\\marin\\OneDrive\\Documents\\Web\\public_html\\shot.php on line 13, referer: http://localhost/
[Sun Sep 03 21:00:06.769005 2023] [php:notice] [pid 6244:tid 1088] [client ::1:53769] PHP Notice:   in C:\\Users\\marin\\OneDrive\\Documents\\Web\\public_html\\shot.php on line 13, referer: http://localhost/
[Sun Sep 03 21:00:06.769005 2023] [php:notice] [pid 6244:tid 1088] [client ::1:53769] PHP Notice:  02 in C:\\Users\\marin\\OneDrive\\Documents\\Web\\public_html\\shot.php on line 17, referer: http://localhost/
[Sun Sep 03 21:02:04.063637 2023] [php:warn] [pid 6244:tid 1104] [client ::1:53852] PHP Warning:  Undefined array key "xCoord" in C:\\Users\\marin\\OneDrive\\Documents\\Web\\public_html\\shot.php on line 13, referer: http://localhost/
[Sun Sep 03 21:02:04.063637 2023] [php:notice] [pid 6244:tid 1104] [client ::1:53852] PHP Deprecated:  trigger_error(): Passing null to parameter #1 ($message) of type string is deprecated in C:\\Users\\marin\\OneDrive\\Documents\\Web\\public_html\\shot.php on line 13, referer: http://localhost/
[Sun Sep 03 21:02:04.063637 2023] [php:notice] [pid 6244:tid 1104] [client ::1:53852] PHP Notice:   in C:\\Users\\marin\\OneDrive\\Documents\\Web\\public_html\\shot.php on line 13, referer: http://localhost/
[Sun Sep 03 21:02:04.063637 2023] [php:notice] [pid 6244:tid 1104] [client ::1:53852] PHP Notice:  02 in C:\\Users\\marin\\OneDrive\\Documents\\Web\\public_html\\shot.php on line 17, referer: http://localhost/
[Sun Sep 03 21:02:07.877740 2023] [php:warn] [pid 6244:tid 1088] [client ::1:53853] PHP Warning:  Undefined array key "xCoord" in C:\\Users\\marin\\OneDrive\\Documents\\Web\\public_html\\shot.php on line 13, referer: http://localhost/
[Sun Sep 03 21:02:07.878777 2023] [php:notice] [pid 6244:tid 1088] [client ::1:53853] PHP Deprecated:  trigger_error(): Passing null to parameter #1 ($message) of type string is deprecated in C:\\Users\\marin\\OneDrive\\Documents\\Web\\public_html\\shot.php on line 13, referer: http://localhost/
[Sun Sep 03 21:02:07.878777 2023] [php:notice] [pid 6244:tid 1088] [client ::1:53853] PHP Notice:   in C:\\Users\\marin\\OneDrive\\Documents\\Web\\public_html\\shot.php on line 13, referer: http://localhost/
[Sun Sep 03 21:02:07.878777 2023] [php:notice] [pid 6244:tid 1088] [client ::1:53853] PHP Notice:  02 in C:\\Users\\marin\\OneDrive\\Documents\\Web\\public_html\\shot.php on line 17, referer: http://localhost/
[Sun Sep 03 21:02:12.185584 2023] [php:warn] [pid 6244:tid 1104] [client ::1:53855] PHP Warning:  Undefined array key "xCoord" in C:\\Users\\marin\\OneDrive\\Documents\\Web\\public_html\\shot.php on line 13, referer: http://localhost/
[Sun Sep 03 21:02:12.185584 2023] [php:notice] [pid 6244:tid 1104] [client ::1:53855] PHP Deprecated:  trigger_error(): Passing null to parameter #1 ($message) of type string is deprecated in C:\\Users\\marin\\OneDrive\\Documents\\Web\\public_html\\shot.php on line 13, referer: http://localhost/
[Sun Sep 03 21:02:12.185584 2023] [php:notice] [pid 6244:tid 1104] [client ::1:53855] PHP Notice:   in C:\\Users\\marin\\OneDrive\\Documents\\Web\\public_html\\shot.php on line 13, referer: http://localhost/
[Sun Sep 03 21:02:12.185584 2023] [php:notice] [pid 6244:tid 1104] [client ::1:53855] PHP Notice:  02 in C:\\Users\\marin\\OneDrive\\Documents\\Web\\public_html\\shot.php on line 17, referer: http://localhost/
[Sun Sep 03 21:02:16.031728 2023] [php:warn] [pid 6244:tid 1088] [client ::1:53859] PHP Warning:  Undefined array key "xCoord" in C:\\Users\\marin\\OneDrive\\Documents\\Web\\public_html\\shot.php on line 13, referer: http://localhost/
[Sun Sep 03 21:02:16.031728 2023] [php:notice] [pid 6244:tid 1088] [client ::1:53859] PHP Deprecated:  trigger_error(): Passing null to parameter #1 ($message) of type string is deprecated in C:\\Users\\marin\\OneDrive\\Documents\\Web\\public_html\\shot.php on line 13, referer: http://localhost/
[Sun Sep 03 21:02:16.031728 2023] [php:notice] [pid 6244:tid 1088] [client ::1:53859] PHP Notice:   in C:\\Users\\marin\\OneDrive\\Documents\\Web\\public_html\\shot.php on line 13, referer: http://localhost/
[Sun Sep 03 21:02:16.031728 2023] [php:notice] [pid 6244:tid 1088] [client ::1:53859] PHP Notice:  12 in C:\\Users\\marin\\OneDrive\\Documents\\Web\\public_html\\shot.php on line 17, referer: http://localhost/
[Sun Sep 03 21:02:57.560268 2023] [php:warn] [pid 6244:tid 1104] [client ::1:53863] PHP Warning:  Undefined array key "xCoord" in C:\\Users\\marin\\OneDrive\\Documents\\Web\\public_html\\shot.php on line 13, referer: http://localhost/
[Sun Sep 03 21:02:57.560268 2023] [php:notice] [pid 6244:tid 1104] [client ::1:53863] PHP Deprecated:  trigger_error(): Passing null to parameter #1 ($message) of type string is deprecated in C:\\Users\\marin\\OneDrive\\Documents\\Web\\public_html\\shot.php on line 13, referer: http://localhost/
[Sun Sep 03 21:02:57.560268 2023] [php:notice] [pid 6244:tid 1104] [client ::1:53863] PHP Notice:   in C:\\Users\\marin\\OneDrive\\Documents\\Web\\public_html\\shot.php on line 13, referer: http://localhost/
[Sun Sep 03 21:02:57.560268 2023] [php:notice] [pid 6244:tid 1104] [client ::1:53863] PHP Notice:  02 in C:\\Users\\marin\\OneDrive\\Documents\\Web\\public_html\\shot.php on line 17, referer: http://localhost/
[Sun Sep 03 21:03:02.141784 2023] [php:warn] [pid 6244:tid 1088] [client ::1:53886] PHP Warning:  Undefined array key "xCoord" in C:\\Users\\marin\\OneDrive\\Documents\\Web\\public_html\\shot.php on line 13, referer: http://localhost/
[Sun Sep 03 21:03:02.141784 2023] [php:notice] [pid 6244:tid 1088] [client ::1:53886] PHP Deprecated:  trigger_error(): Passing null to parameter #1 ($message) of type string is deprecated in C:\\Users\\marin\\OneDrive\\Documents\\Web\\public_html\\shot.php on line 13, referer: http://localhost/
[Sun Sep 03 21:03:02.141784 2023] [php:notice] [pid 6244:tid 1088] [client ::1:53886] PHP Notice:   in C:\\Users\\marin\\OneDrive\\Documents\\Web\\public_html\\shot.php on line 13, referer: http://localhost/
[Sun Sep 03 21:03:02.141784 2023] [php:notice] [pid 6244:tid 1088] [client ::1:53886] PHP Notice:  02 in C:\\Users\\marin\\OneDrive\\Documents\\Web\\public_html\\shot.php on line 17, referer: http://localhost/
[Sun Sep 03 21:05:12.661540 2023] [php:warn] [pid 6244:tid 1104] [client ::1:53967] PHP Warning:  Undefined array key "test" in C:\\Users\\marin\\OneDrive\\Documents\\Web\\public_html\\shot.php on line 13, referer: http://localhost/
[Sun Sep 03 21:05:12.661540 2023] [php:notice] [pid 6244:tid 1104] [client ::1:53967] PHP Deprecated:  trigger_error(): Passing null to parameter #1 ($message) of type string is deprecated in C:\\Users\\marin\\OneDrive\\Documents\\Web\\public_html\\shot.php on line 13, referer: http://localhost/
[Sun Sep 03 21:05:12.661540 2023] [php:notice] [pid 6244:tid 1104] [client ::1:53967] PHP Notice:   in C:\\Users\\marin\\OneDrive\\Documents\\Web\\public_html\\shot.php on line 13, referer: http://localhost/
[Sun Sep 03 21:05:12.661540 2023] [php:notice] [pid 6244:tid 1104] [client ::1:53967] PHP Notice:  02 in C:\\Users\\marin\\OneDrive\\Documents\\Web\\public_html\\shot.php on line 17, referer: http://localhost/
[Sun Sep 03 21:05:40.491592 2023] [php:warn] [pid 6244:tid 1088] [client ::1:53968] PHP Warning:  Undefined array key "test" in C:\\Users\\marin\\OneDrive\\Documents\\Web\\public_html\\shot.php on line 13, referer: http://localhost/
[Sun Sep 03 21:05:40.491592 2023] [php:notice] [pid 6244:tid 1088] [client ::1:53968] PHP Deprecated:  trigger_error(): Passing null to parameter #1 ($message) of type string is deprecated in C:\\Users\\marin\\OneDrive\\Documents\\Web\\public_html\\shot.php on line 13, referer: http://localhost/
[Sun Sep 03 21:05:40.491592 2023] [php:notice] [pid 6244:tid 1088] [client ::1:53968] PHP Notice:   in C:\\Users\\marin\\OneDrive\\Documents\\Web\\public_html\\shot.php on line 13, referer: http://localhost/
[Sun Sep 03 21:05:40.491592 2023] [php:notice] [pid 6244:tid 1088] [client ::1:53968] PHP Notice:  02 in C:\\Users\\marin\\OneDrive\\Documents\\Web\\public_html\\shot.php on line 17, referer: http://localhost/
[Sun Sep 03 21:10:03.675545 2023] [php:notice] [pid 6244:tid 1088] [client ::1:54105] PHP Notice:  0 in C:\\Users\\marin\\OneDrive\\Documents\\Web\\public_html\\shot.php on line 13, referer: http://localhost/
[Sun Sep 03 21:10:03.675545 2023] [php:notice] [pid 6244:tid 1088] [client ::1:54105] PHP Notice:  02 in C:\\Users\\marin\\OneDrive\\Documents\\Web\\public_html\\shot.php on line 17, referer: http://localhost/
[Sun Sep 03 21:11:57.658932 2023] [php:notice] [pid 6244:tid 1088] [client ::1:54167] PHP Notice:  0 in C:\\Users\\marin\\OneDrive\\Documents\\Web\\public_html\\shot.php on line 13, referer: http://localhost/
[Sun Sep 03 21:11:57.658932 2023] [php:notice] [pid 6244:tid 1088] [client ::1:54167] PHP Notice:  02 in C:\\Users\\marin\\OneDrive\\Documents\\Web\\public_html\\shot.php on line 17, referer: http://localhost/
[Sun Sep 03 21:12:17.461672 2023] [php:warn] [pid 6244:tid 1088] [client ::1:54169] PHP Warning:  Undefined array key "test" in C:\\Users\\marin\\OneDrive\\Documents\\Web\\public_html\\shot.php on line 13, referer: http://localhost/
[Sun Sep 03 21:12:17.461672 2023] [php:notice] [pid 6244:tid 1088] [client ::1:54169] PHP Deprecated:  trigger_error(): Passing null to parameter #1 ($message) of type string is deprecated in C:\\Users\\marin\\OneDrive\\Documents\\Web\\public_html\\shot.php on line 13, referer: http://localhost/
[Sun Sep 03 21:12:17.461672 2023] [php:notice] [pid 6244:tid 1088] [client ::1:54169] PHP Notice:   in C:\\Users\\marin\\OneDrive\\Documents\\Web\\public_html\\shot.php on line 13, referer: http://localhost/
[Sun Sep 03 21:12:17.461672 2023] [php:notice] [pid 6244:tid 1088] [client ::1:54169] PHP Notice:  002 in C:\\Users\\marin\\OneDrive\\Documents\\Web\\public_html\\shot.php on line 17, referer: http://localhost/
[Sun Sep 03 21:12:23.622929 2023] [php:warn] [pid 6244:tid 1104] [client ::1:54180] PHP Warning:  Undefined array key "test" in C:\\Users\\marin\\OneDrive\\Documents\\Web\\public_html\\shot.php on line 13, referer: http://localhost/
[Sun Sep 03 21:12:23.622929 2023] [php:notice] [pid 6244:tid 1104] [client ::1:54180] PHP Deprecated:  trigger_error(): Passing null to parameter #1 ($message) of type string is deprecated in C:\\Users\\marin\\OneDrive\\Documents\\Web\\public_html\\shot.php on line 13, referer: http://localhost/
[Sun Sep 03 21:12:23.622929 2023] [php:notice] [pid 6244:tid 1104] [client ::1:54180] PHP Notice:   in C:\\Users\\marin\\OneDrive\\Documents\\Web\\public_html\\shot.php on line 13, referer: http://localhost/
[Sun Sep 03 21:12:23.622929 2023] [php:notice] [pid 6244:tid 1104] [client ::1:54180] PHP Notice:  002 in C:\\Users\\marin\\OneDrive\\Documents\\Web\\public_html\\shot.php on line 17, referer: http://localhost/
[Sun Sep 03 21:12:41.065036 2023] [php:notice] [pid 6244:tid 1088] [client ::1:54183] PHP Notice:  002 in C:\\Users\\marin\\OneDrive\\Documents\\Web\\public_html\\shot.php on line 16, referer: http://localhost/
[Sun Sep 03 21:12:43.863163 2023] [php:notice] [pid 6244:tid 1104] [client ::1:54194] PHP Notice:  302 in C:\\Users\\marin\\OneDrive\\Documents\\Web\\public_html\\shot.php on line 16, referer: http://localhost/
[Sun Sep 03 21:14:00.065015 2023] [php:warn] [pid 6244:tid 1104] [client ::1:54228] PHP Warning:  Undefined variable $mail_to in C:\\Users\\marin\\OneDrive\\Documents\\Web\\public_html\\shot.php on line 29, referer: http://localhost/
[Sun Sep 03 21:14:00.065015 2023] [php:warn] [pid 6244:tid 1104] [client ::1:54228] PHP Warning:  Undefined variable $subject in C:\\Users\\marin\\OneDrive\\Documents\\Web\\public_html\\shot.php on line 29, referer: http://localhost/
[Sun Sep 03 21:14:00.065015 2023] [php:warn] [pid 6244:tid 1104] [client ::1:54228] PHP Warning:  Undefined variable $content in C:\\Users\\marin\\OneDrive\\Documents\\Web\\public_html\\shot.php on line 29, referer: http://localhost/
[Sun Sep 03 21:14:00.065015 2023] [php:warn] [pid 6244:tid 1104] [client ::1:54228] PHP Warning:  Undefined variable $headers in C:\\Users\\marin\\OneDrive\\Documents\\Web\\public_html\\shot.php on line 29, referer: http://localhost/
[Sun Sep 03 21:14:00.065015 2023] [php:notice] [pid 6244:tid 1104] [client ::1:54228] PHP Deprecated:  mail(): Passing null to parameter #1 ($to) of type string is deprecated in C:\\Users\\marin\\OneDrive\\Documents\\Web\\public_html\\shot.php on line 29, referer: http://localhost/
[Sun Sep 03 21:14:00.066052 2023] [php:notice] [pid 6244:tid 1104] [client ::1:54228] PHP Deprecated:  mail(): Passing null to parameter #2 ($subject) of type string is deprecated in C:\\Users\\marin\\OneDrive\\Documents\\Web\\public_html\\shot.php on line 29, referer: http://localhost/
[Sun Sep 03 21:14:00.066052 2023] [php:notice] [pid 6244:tid 1104] [client ::1:54228] PHP Deprecated:  mail(): Passing null to parameter #3 ($message) of type string is deprecated in C:\\Users\\marin\\OneDrive\\Documents\\Web\\public_html\\shot.php on line 29, referer: http://localhost/
[Sun Sep 03 21:14:00.066052 2023] [php:notice] [pid 6244:tid 1104] [client ::1:54228] PHP Deprecated:  mail(): Passing null to parameter #4 ($additional_headers) of type array|string is deprecated in C:\\Users\\marin\\OneDrive\\Documents\\Web\\public_html\\shot.php on line 29, referer: http://localhost/
[Sun Sep 03 21:14:02.125129 2023] [php:warn] [pid 6244:tid 1104] [client ::1:54228] PHP Warning:  mail(): Failed to connect to mailserver at &quot;localhost&quot; port 25, verify your &quot;SMTP&quot; and &quot;smtp_port&quot; setting in php.ini or use ini_set() in C:\\Users\\marin\\OneDrive\\Documents\\Web\\public_html\\shot.php on line 29, referer: http://localhost/
[Sun Sep 03 21:14:02.397901 2023] [php:warn] [pid 6244:tid 1088] [client ::1:54236] PHP Warning:  Undefined variable $mail_to in C:\\Users\\marin\\OneDrive\\Documents\\Web\\public_html\\shot.php on line 29, referer: http://localhost/
[Sun Sep 03 21:14:02.397901 2023] [php:warn] [pid 6244:tid 1088] [client ::1:54236] PHP Warning:  Undefined variable $subject in C:\\Users\\marin\\OneDrive\\Documents\\Web\\public_html\\shot.php on line 29, referer: http://localhost/
[Sun Sep 03 21:14:02.397901 2023] [php:warn] [pid 6244:tid 1088] [client ::1:54236] PHP Warning:  Undefined variable $content in C:\\Users\\marin\\OneDrive\\Documents\\Web\\public_html\\shot.php on line 29, referer: http://localhost/
[Sun Sep 03 21:14:02.397901 2023] [php:warn] [pid 6244:tid 1088] [client ::1:54236] PHP Warning:  Undefined variable $headers in C:\\Users\\marin\\OneDrive\\Documents\\Web\\public_html\\shot.php on line 29, referer: http://localhost/
[Sun Sep 03 21:14:02.397901 2023] [php:notice] [pid 6244:tid 1088] [client ::1:54236] PHP Deprecated:  mail(): Passing null to parameter #1 ($to) of type string is deprecated in C:\\Users\\marin\\OneDrive\\Documents\\Web\\public_html\\shot.php on line 29, referer: http://localhost/
[Sun Sep 03 21:14:02.397901 2023] [php:notice] [pid 6244:tid 1088] [client ::1:54236] PHP Deprecated:  mail(): Passing null to parameter #2 ($subject) of type string is deprecated in C:\\Users\\marin\\OneDrive\\Documents\\Web\\public_html\\shot.php on line 29, referer: http://localhost/
[Sun Sep 03 21:14:02.397901 2023] [php:notice] [pid 6244:tid 1088] [client ::1:54236] PHP Deprecated:  mail(): Passing null to parameter #3 ($message) of type string is deprecated in C:\\Users\\marin\\OneDrive\\Documents\\Web\\public_html\\shot.php on line 29, referer: http://localhost/
[Sun Sep 03 21:14:02.397901 2023] [php:notice] [pid 6244:tid 1088] [client ::1:54236] PHP Deprecated:  mail(): Passing null to parameter #4 ($additional_headers) of type array|string is deprecated in C:\\Users\\marin\\OneDrive\\Documents\\Web\\public_html\\shot.php on line 29, referer: http://localhost/
[Sun Sep 03 21:14:04.440623 2023] [php:warn] [pid 6244:tid 1088] [client ::1:54236] PHP Warning:  mail(): Failed to connect to mailserver at &quot;localhost&quot; port 25, verify your &quot;SMTP&quot; and &quot;smtp_port&quot; setting in php.ini or use ini_set() in C:\\Users\\marin\\OneDrive\\Documents\\Web\\public_html\\shot.php on line 29, referer: http://localhost/
[Sun Sep 03 21:14:05.335173 2023] [php:warn] [pid 6244:tid 1104] [client ::1:54238] PHP Warning:  Undefined variable $mail_to in C:\\Users\\marin\\OneDrive\\Documents\\Web\\public_html\\shot.php on line 29, referer: http://localhost/
[Sun Sep 03 21:14:05.335173 2023] [php:warn] [pid 6244:tid 1104] [client ::1:54238] PHP Warning:  Undefined variable $subject in C:\\Users\\marin\\OneDrive\\Documents\\Web\\public_html\\shot.php on line 29, referer: http://localhost/
[Sun Sep 03 21:14:05.335173 2023] [php:warn] [pid 6244:tid 1104] [client ::1:54238] PHP Warning:  Undefined variable $content in C:\\Users\\marin\\OneDrive\\Documents\\Web\\public_html\\shot.php on line 29, referer: http://localhost/
[Sun Sep 03 21:14:05.335173 2023] [php:warn] [pid 6244:tid 1104] [client ::1:54238] PHP Warning:  Undefined variable $headers in C:\\Users\\marin\\OneDrive\\Documents\\Web\\public_html\\shot.php on line 29, referer: http://localhost/
[Sun Sep 03 21:14:05.335173 2023] [php:notice] [pid 6244:tid 1104] [client ::1:54238] PHP Deprecated:  mail(): Passing null to parameter #1 ($to) of type string is deprecated in C:\\Users\\marin\\OneDrive\\Documents\\Web\\public_html\\shot.php on line 29, referer: http://localhost/
[Sun Sep 03 21:14:05.335173 2023] [php:notice] [pid 6244:tid 1104] [client ::1:54238] PHP Deprecated:  mail(): Passing null to parameter #2 ($subject) of type string is deprecated in C:\\Users\\marin\\OneDrive\\Documents\\Web\\public_html\\shot.php on line 29, referer: http://localhost/
[Sun Sep 03 21:14:05.335173 2023] [php:notice] [pid 6244:tid 1104] [client ::1:54238] PHP Deprecated:  mail(): Passing null to parameter #3 ($message) of type string is deprecated in C:\\Users\\marin\\OneDrive\\Documents\\Web\\public_html\\shot.php on line 29, referer: http://localhost/
[Sun Sep 03 21:14:05.335173 2023] [php:notice] [pid 6244:tid 1104] [client ::1:54238] PHP Deprecated:  mail(): Passing null to parameter #4 ($additional_headers) of type array|string is deprecated in C:\\Users\\marin\\OneDrive\\Documents\\Web\\public_html\\shot.php on line 29, referer: http://localhost/
[Sun Sep 03 21:14:06.644877 2023] [php:warn] [pid 6244:tid 1096] [client ::1:54241] PHP Warning:  Undefined variable $mail_to in C:\\Users\\marin\\OneDrive\\Documents\\Web\\public_html\\shot.php on line 29, referer: http://localhost/
[Sun Sep 03 21:14:06.644877 2023] [php:warn] [pid 6244:tid 1096] [client ::1:54241] PHP Warning:  Undefined variable $subject in C:\\Users\\marin\\OneDrive\\Documents\\Web\\public_html\\shot.php on line 29, referer: http://localhost/
[Sun Sep 03 21:14:06.644877 2023] [php:warn] [pid 6244:tid 1096] [client ::1:54241] PHP Warning:  Undefined variable $content in C:\\Users\\marin\\OneDrive\\Documents\\Web\\public_html\\shot.php on line 29, referer: http://localhost/
[Sun Sep 03 21:14:06.644877 2023] [php:warn] [pid 6244:tid 1096] [client ::1:54241] PHP Warning:  Undefined variable $headers in C:\\Users\\marin\\OneDrive\\Documents\\Web\\public_html\\shot.php on line 29, referer: http://localhost/
[Sun Sep 03 21:14:06.644877 2023] [php:notice] [pid 6244:tid 1096] [client ::1:54241] PHP Deprecated:  mail(): Passing null to parameter #1 ($to) of type string is deprecated in C:\\Users\\marin\\OneDrive\\Documents\\Web\\public_html\\shot.php on line 29, referer: http://localhost/
[Sun Sep 03 21:14:06.644877 2023] [php:notice] [pid 6244:tid 1096] [client ::1:54241] PHP Deprecated:  mail(): Passing null to parameter #2 ($subject) of type string is deprecated in C:\\Users\\marin\\OneDrive\\Documents\\Web\\public_html\\shot.php on line 29, referer: http://localhost/
[Sun Sep 03 21:14:06.644877 2023] [php:notice] [pid 6244:tid 1096] [client ::1:54241] PHP Deprecated:  mail(): Passing null to parameter #3 ($message) of type string is deprecated in C:\\Users\\marin\\OneDrive\\Documents\\Web\\public_html\\shot.php on line 29, referer: http://localhost/
[Sun Sep 03 21:14:06.644877 2023] [php:notice] [pid 6244:tid 1096] [client ::1:54241] PHP Deprecated:  mail(): Passing null to parameter #4 ($additional_headers) of type array|string is deprecated in C:\\Users\\marin\\OneDrive\\Documents\\Web\\public_html\\shot.php on line 29, referer: http://localhost/
[Sun Sep 03 21:14:07.370005 2023] [php:warn] [pid 6244:tid 1104] [client ::1:54238] PHP Warning:  mail(): Failed to connect to mailserver at &quot;localhost&quot; port 25, verify your &quot;SMTP&quot; and &quot;smtp_port&quot; setting in php.ini or use ini_set() in C:\\Users\\marin\\OneDrive\\Documents\\Web\\public_html\\shot.php on line 29, referer: http://localhost/
[Sun Sep 03 21:14:08.690563 2023] [php:warn] [pid 6244:tid 1096] [client ::1:54241] PHP Warning:  mail(): Failed to connect to mailserver at &quot;localhost&quot; port 25, verify your &quot;SMTP&quot; and &quot;smtp_port&quot; setting in php.ini or use ini_set() in C:\\Users\\marin\\OneDrive\\Documents\\Web\\public_html\\shot.php on line 29, referer: http://localhost/
[Sun Sep 03 21:14:11.202129 2023] [php:warn] [pid 6244:tid 1088] [client ::1:54244] PHP Warning:  Undefined variable $mail_to in C:\\Users\\marin\\OneDrive\\Documents\\Web\\public_html\\shot.php on line 29, referer: http://localhost/
[Sun Sep 03 21:14:11.202129 2023] [php:warn] [pid 6244:tid 1088] [client ::1:54244] PHP Warning:  Undefined variable $subject in C:\\Users\\marin\\OneDrive\\Documents\\Web\\public_html\\shot.php on line 29, referer: http://localhost/
[Sun Sep 03 21:14:11.202129 2023] [php:warn] [pid 6244:tid 1088] [client ::1:54244] PHP Warning:  Undefined variable $content in C:\\Users\\marin\\OneDrive\\Documents\\Web\\public_html\\shot.php on line 29, referer: http://localhost/
[Sun Sep 03 21:14:11.202129 2023] [php:warn] [pid 6244:tid 1088] [client ::1:54244] PHP Warning:  Undefined variable $headers in C:\\Users\\marin\\OneDrive\\Documents\\Web\\public_html\\shot.php on line 29, referer: http://localhost/
[Sun Sep 03 21:14:11.202129 2023] [php:notice] [pid 6244:tid 1088] [client ::1:54244] PHP Deprecated:  mail(): Passing null to parameter #1 ($to) of type string is deprecated in C:\\Users\\marin\\OneDrive\\Documents\\Web\\public_html\\shot.php on line 29, referer: http://localhost/
[Sun Sep 03 21:14:11.202129 2023] [php:notice] [pid 6244:tid 1088] [client ::1:54244] PHP Deprecated:  mail(): Passing null to parameter #2 ($subject) of type string is deprecated in C:\\Users\\marin\\OneDrive\\Documents\\Web\\public_html\\shot.php on line 29, referer: http://localhost/
[Sun Sep 03 21:14:11.202129 2023] [php:notice] [pid 6244:tid 1088] [client ::1:54244] PHP Deprecated:  mail(): Passing null to parameter #3 ($message) of type string is deprecated in C:\\Users\\marin\\OneDrive\\Documents\\Web\\public_html\\shot.php on line 29, referer: http://localhost/
[Sun Sep 03 21:14:11.202129 2023] [php:notice] [pid 6244:tid 1088] [client ::1:54244] PHP Deprecated:  mail(): Passing null to parameter #4 ($additional_headers) of type array|string is deprecated in C:\\Users\\marin\\OneDrive\\Documents\\Web\\public_html\\shot.php on line 29, referer: http://localhost/
[Sun Sep 03 21:14:13.238658 2023] [php:warn] [pid 6244:tid 1088] [client ::1:54244] PHP Warning:  mail(): Failed to connect to mailserver at &quot;localhost&quot; port 25, verify your &quot;SMTP&quot; and &quot;smtp_port&quot; setting in php.ini or use ini_set() in C:\\Users\\marin\\OneDrive\\Documents\\Web\\public_html\\shot.php on line 29, referer: http://localhost/
[Sun Sep 03 22:18:28.938833 2023] [php:error] [pid 6244:tid 1088] [client ::1:61453] script 'C:/Users/marin/OneDrive/Documents/Web/public_html/display.php' not found or unable to stat, referer: http://localhost/shot.php
[Sun Sep 03 22:18:31.547614 2023] [php:error] [pid 6244:tid 1088] [client ::1:61453] script 'C:/Users/marin/OneDrive/Documents/Web/public_html/display.php' not found or unable to stat, referer: http://localhost/shot.php
[Sun Sep 03 22:23:17.630102 2023] [php:error] [pid 6244:tid 1104] [client ::1:61600] script 'C:/Users/marin/OneDrive/Documents/Web/public_html/display.php' not found or unable to stat, referer: http://localhost/shot.php
[Sun Sep 03 22:23:20.782948 2023] [php:error] [pid 6244:tid 1104] [client ::1:61600] PHP Parse error:  syntax error, unexpected token "<=" in C:\\Users\\marin\\OneDrive\\Documents\\Web\\public_html\\utils.php on line 5, referer: http://localhost/
[Sun Sep 03 22:23:50.872428 2023] [php:error] [pid 6244:tid 1088] [client ::1:61601] PHP Parse error:  syntax error, unexpected token "<=" in C:\\Users\\marin\\OneDrive\\Documents\\Web\\public_html\\utils.php on line 5, referer: http://localhost/
[Sun Sep 03 22:37:01.656109 2023] [mpm_winnt:notice] [pid 1740:tid 412] AH00422: Parent: Received shutdown signal -- Shutting down the server.
[Sun Sep 03 22:37:03.674522 2023] [mpm_winnt:notice] [pid 6244:tid 392] AH00364: Child: All worker threads have exited.
[Sun Sep 03 22:37:03.759241 2023] [mpm_winnt:notice] [pid 1740:tid 412] AH00430: Parent: Child process 6244 exited successfully.
[Sun Sep 03 22:37:07.010062 2023] [mpm_winnt:notice] [pid 7932:tid 376] AH00455: Apache/2.4.57 (Win64) PHP/8.2.10 configured -- resuming normal operations
[Sun Sep 03 22:37:07.010062 2023] [mpm_winnt:notice] [pid 7932:tid 376] AH00456: Apache Lounge VS17 Server built: Aug  2 2023 17:28:16
[Sun Sep 03 22:37:07.010062 2023] [core:notice] [pid 7932:tid 376] AH00094: Command line: 'C:\\Apache24\\bin\\httpd.exe -d C:/Apache24'
[Sun Sep 03 22:37:07.015055 2023] [mpm_winnt:notice] [pid 7932:tid 376] AH00418: Parent: Created child process 12004
[Sun Sep 03 22:37:07.385057 2023] [mpm_winnt:notice] [pid 12004:tid 392] AH00354: Child: Starting 64 worker threads.
[Sun Sep 03 23:55:33.726083 2023] [core:error] [pid 12004:tid 1112] [client ::1:50458] AH10244: invalid URI path (/shot.php%asd)
[Sun Sep 03 23:55:44.127847 2023] [core:error] [pid 12004:tid 1096] [client ::1:50459] AH10244: invalid URI path (/shot.php%sadasdd)
[Mon Sep 04 00:03:30.444645 2023] [mpm_winnt:notice] [pid 7932:tid 376] AH00422: Parent: Received shutdown signal -- Shutting down the server.
[Mon Sep 04 00:04:00.458896 2023] [mpm_winnt:notice] [pid 7932:tid 376] AH00431: Parent: Forcing termination of child process 12004
[Mon Sep 04 00:04:01.031305 2023] [mpm_winnt:notice] [pid 18260:tid 376] AH00455: Apache/2.4.57 (Win64) PHP/8.2.10 configured -- resuming normal operations
[Mon Sep 04 00:04:01.031305 2023] [mpm_winnt:notice] [pid 18260:tid 376] AH00456: Apache Lounge VS17 Server built: Aug  2 2023 17:28:16
[Mon Sep 04 00:04:01.031305 2023] [core:notice] [pid 18260:tid 376] AH00094: Command line: 'C:\\Apache24\\bin\\httpd.exe -d C:/Apache24'
[Mon Sep 04 00:04:01.035294 2023] [mpm_winnt:notice] [pid 18260:tid 376] AH00418: Parent: Created child process 7208
[Mon Sep 04 00:04:01.411022 2023] [mpm_winnt:notice] [pid 7208:tid 396] AH00354: Child: Starting 64 worker threads.
[Mon Sep 04 00:04:38.010722 2023] [core:error] [pid 7208:tid 1128] [client ::1:50541] AH10244: invalid URI path (/sadad%asd)
[Mon Sep 04 00:04:42.816654 2023] [core:error] [pid 7208:tid 1132] [client ::1:50542] AH10244: invalid URI path (/sadad%asd)
[Mon Sep 04 00:04:43.602245 2023] [core:error] [pid 7208:tid 1128] [client ::1:50543] AH10244: invalid URI path (/sadad%asd)
[Mon Sep 04 00:04:52.478178 2023] [core:error] [pid 7208:tid 1132] [client ::1:50544] AH10244: invalid URI path (/sadad%asd)
[Mon Sep 04 00:04:53.955022 2023] [core:error] [pid 7208:tid 1128] [client ::1:50545] AH10244: invalid URI path (/sadad%asd)
[Mon Sep 04 00:05:10.906770 2023] [mpm_winnt:notice] [pid 18260:tid 376] AH00422: Parent: Received shutdown signal -- Shutting down the server.
[Mon Sep 04 00:05:40.916225 2023] [mpm_winnt:notice] [pid 18260:tid 376] AH00431: Parent: Forcing termination of child process 7208
[Mon Sep 04 00:05:44.551501 2023] [mpm_winnt:notice] [pid 10604:tid 376] AH00455: Apache/2.4.57 (Win64) PHP/8.2.10 configured -- resuming normal operations
[Mon Sep 04 00:05:44.551501 2023] [mpm_winnt:notice] [pid 10604:tid 376] AH00456: Apache Lounge VS17 Server built: Aug  2 2023 17:28:16
[Mon Sep 04 00:05:44.551501 2023] [core:notice] [pid 10604:tid 376] AH00094: Command line: 'C:\\Apache24\\bin\\httpd.exe -d C:/Apache24'
[Mon Sep 04 00:05:44.555492 2023] [mpm_winnt:notice] [pid 10604:tid 376] AH00418: Parent: Created child process 6404
[Mon Sep 04 00:05:44.926200 2023] [mpm_winnt:notice] [pid 6404:tid 420] AH00354: Child: Starting 64 worker threads.
[Mon Sep 04 00:06:02.982174 2023] [core:error] [pid 6404:tid 1100] [client ::1:50573] AH10244: invalid URI path (/sex%sadas)
[Mon Sep 04 00:07:18.583551 2023] [core:error] [pid 6404:tid 1092] [client ::1:50622] AH10244: invalid URI path (/sex%sadas)
[Mon Sep 04 00:07:19.791377 2023] [core:error] [pid 6404:tid 1100] [client ::1:50623] AH10244: invalid URI path (/sex%sadas)
[Mon Sep 04 00:07:23.836910 2023] [core:error] [pid 6404:tid 1092] (22)Invalid argument: [client ::1:50625] AH00127: Cannot map GET /sex%dads HTTP/1.1 to file
[Mon Sep 04 00:07:37.498130 2023] [core:error] [pid 6404:tid 1100] (22)Invalid argument: [client ::1:50627] AH00127: Cannot map GET /sex%dads HTTP/1.1 to file
[Mon Sep 04 00:07:41.084976 2023] [core:error] [pid 6404:tid 1100] (22)Invalid argument: [client ::1:50627] AH00127: Cannot map GET /sex%adsa HTTP/1.1 to file
[Mon Sep 04 00:07:49.706589 2023] [core:error] [pid 6404:tid 1092] (22)Invalid argument: [client ::1:50638] AH00127: Cannot map GET /sex%adsa HTTP/1.1 to file
[Mon Sep 04 00:07:50.453167 2023] [core:error] [pid 6404:tid 1092] (22)Invalid argument: [client ::1:50638] AH00127: Cannot map GET /sex%adsa HTTP/1.1 to file
[Mon Sep 04 00:48:38.102557 2023] [mpm_winnt:notice] [pid 10604:tid 376] AH00422: Parent: Received shutdown signal -- Shutting down the server.
[Mon Sep 04 00:49:08.106528 2023] [mpm_winnt:notice] [pid 10604:tid 376] AH00431: Parent: Forcing termination of child process 6404
[Mon Sep 04 00:49:08.651969 2023] [mpm_winnt:notice] [pid 14628:tid 392] AH00455: Apache/2.4.57 (Win64) PHP/8.2.10 configured -- resuming normal operations
[Mon Sep 04 00:49:08.651969 2023] [mpm_winnt:notice] [pid 14628:tid 392] AH00456: Apache Lounge VS17 Server built: Aug  2 2023 17:28:16
[Mon Sep 04 00:49:08.651969 2023] [core:notice] [pid 14628:tid 392] AH00094: Command line: 'C:\\Apache24\\bin\\httpd.exe -d C:/Apache24'
[Mon Sep 04 00:49:08.655865 2023] [mpm_winnt:notice] [pid 14628:tid 392] AH00418: Parent: Created child process 3812
[Mon Sep 04 00:49:09.026089 2023] [mpm_winnt:notice] [pid 3812:tid 392] AH00354: Child: Starting 64 worker threads.
[Mon Sep 04 01:10:05.268411 2023] [php:warn] [pid 3812:tid 1092] [client ::1:51625] PHP Warning:  Undefined variable $x in C:\\Users\\marin\\OneDrive\\Documents\\Web\\public_html\\shot.php on line 51, referer: http://localhost/
[Mon Sep 04 01:10:05.268411 2023] [php:warn] [pid 3812:tid 1092] [client ::1:51625] PHP Warning:  Undefined variable $y in C:\\Users\\marin\\OneDrive\\Documents\\Web\\public_html\\shot.php on line 51, referer: http://localhost/
[Mon Sep 04 01:10:05.274185 2023] [php:error] [pid 3812:tid 1092] [client ::1:51625] PHP Fatal error:  Uncaught TypeError: Shot::__construct(): Argument #2 ($x) must be of type int, null given, called in C:\\Users\\marin\\OneDrive\\Documents\\Web\\public_html\\shot.php on line 51 and defined in C:\\Users\\marin\\OneDrive\\Documents\\Web\\public_html\\utils.php:15\nStack trace:\n#0 C:\\Users\\marin\\OneDrive\\Documents\\Web\\public_html\\shot.php(51): Shot->__construct(false, NULL, NULL, 1, '09.03.23 10:10:...')\n#1 {main}\n  thrown in C:\\Users\\marin\\OneDrive\\Documents\\Web\\public_html\\utils.php on line 15, referer: http://localhost/
[Mon Sep 04 01:10:13.642348 2023] [php:warn] [pid 3812:tid 1096] [client ::1:51626] PHP Warning:  Undefined variable $x in C:\\Users\\marin\\OneDrive\\Documents\\Web\\public_html\\shot.php on line 51, referer: http://localhost/
[Mon Sep 04 01:10:13.642348 2023] [php:warn] [pid 3812:tid 1096] [client ::1:51626] PHP Warning:  Undefined variable $y in C:\\Users\\marin\\OneDrive\\Documents\\Web\\public_html\\shot.php on line 51, referer: http://localhost/
[Mon Sep 04 01:10:13.642348 2023] [php:error] [pid 3812:tid 1096] [client ::1:51626] PHP Fatal error:  Uncaught TypeError: Shot::__construct(): Argument #2 ($x) must be of type int, null given, called in C:\\Users\\marin\\OneDrive\\Documents\\Web\\public_html\\shot.php on line 51 and defined in C:\\Users\\marin\\OneDrive\\Documents\\Web\\public_html\\utils.php:15\nStack trace:\n#0 C:\\Users\\marin\\OneDrive\\Documents\\Web\\public_html\\shot.php(51): Shot->__construct(false, NULL, NULL, 1, '09.03.23 10:10:...')\n#1 {main}\n  thrown in C:\\Users\\marin\\OneDrive\\Documents\\Web\\public_html\\utils.php on line 15, referer: http://localhost/
[Mon Sep 04 01:10:53.914844 2023] [php:error] [pid 3812:tid 1092] [client ::1:51634] PHP Fatal error:  Uncaught Error: Object of class Shot could not be converted to string in C:\\Users\\marin\\OneDrive\\Documents\\Web\\public_html\\shot.php:103\nStack trace:\n#0 {main}\n  thrown in C:\\Users\\marin\\OneDrive\\Documents\\Web\\public_html\\shot.php on line 103, referer: http://localhost/
[Mon Sep 04 01:24:57.569854 2023] [php:error] [pid 3812:tid 1092] [client ::1:52108] PHP Parse error:  Unterminated comment starting line 91 in C:\\Users\\marin\\OneDrive\\Documents\\Web\\public_html\\shot.php on line 91, referer: http://localhost/index.php
[Mon Sep 04 01:27:16.330583 2023] [php:error] [pid 3812:tid 1100] [client ::1:52203] PHP Parse error:  Unclosed '{' on line 84 in C:\\Users\\marin\\OneDrive\\Documents\\Web\\public_html\\shot.php on line 137, referer: http://localhost/index.php
[Mon Sep 04 01:28:32.332764 2023] [php:error] [pid 3812:tid 1100] [client ::1:52257] PHP Parse error:  syntax error, unexpected token "<<" in C:\\Users\\marin\\OneDrive\\Documents\\Web\\public_html\\shot.php on line 84, referer: http://localhost/index.php
[Mon Sep 04 01:31:43.046448 2023] [php:error] [pid 3812:tid 1100] [client ::1:52382] PHP Parse error:  Unclosed '{' on line 93 in C:\\Users\\marin\\OneDrive\\Documents\\Web\\public_html\\shot.php on line 154, referer: http://localhost/index.php
